<?xml version="1.0" encoding="UTF-8"?>
<testsuites tests="804" failures="0" disabled="0" errors="0" time="0.842" timestamp="2026-09-14T15:21:15.715" name="AllTests">
  <testsuite name="ResultTest" tests="4" failures="0" disabled="0" skipped="0" errors="0" time="0." timestamp="2026-09-14T15:21:15.716">
    <testcase name="OkResultIsOk" file="C:\Users\PrasannaNariboina\OneDrive - IBM\Prasan_Devops\AccessOS\Tests\Unit\Test_AccessError.cpp" line="11" status="run" result="completed" time="0." timestamp="2026-09-14T15:21:15.716" classname="ResultTest" />
    <testcase name="FailResultIsError" file="C:\Users\PrasannaNariboina\OneDrive - IBM\Prasan_Devops\AccessOS\Tests\Unit\Test_AccessError.cpp" line="18" status="run" result="completed" time="0." timestamp="2026-09-14T15:21:15.716" classname="ResultTest" />
    <testcase name="VoidOkResultIsOk" file="C:\Users\PrasannaNariboina\OneDrive - IBM\Prasan_Devops\AccessOS\Tests\Unit\Test_AccessError.cpp" line="29" status="run" result="completed" time="0." timestamp="2026-09-14T15:21:15.716" classname="ResultTest" />
    <testcase name="VoidFailResultIsError" file="C:\Users\PrasannaNariboina\OneDrive - IBM\Prasan_Devops\AccessOS\Tests\Unit\Test_AccessError.cpp" line="35" status="run" result="completed" time="0." timestamp="2026-09-14T15:21:15.716" classname="ResultTest" />
  </testsuite>
  <testsuite name="ErrorCategoryTest" tests="5" failures="0" disabled="0" skipped="0" errors="0" time="0." timestamp="2026-09-14T15:21:15.717">
    <testcase name="CategoryNameIsAccessOS" file="C:\Users\PrasannaNariboina\OneDrive - IBM\Prasan_Devops\AccessOS\Tests\Unit\Test_AccessError.cpp" line="47" status="run" result="completed" time="0." timestamp="2026-09-14T15:21:15.717" classname="ErrorCategoryTest" />
    <testcase name="SuccessMessageIsCorrect" file="C:\Users\PrasannaNariboina\OneDrive - IBM\Prasan_Devops\AccessOS\Tests\Unit\Test_AccessError.cpp" line="51" status="run" result="completed" time="0." timestamp="2026-09-14T15:21:15.717" classname="ErrorCategoryTest" />
    <testcase name="UnknownCodeReturnsUnknownError" file="C:\Users\PrasannaNariboina\OneDrive - IBM\Prasan_Devops\AccessOS\Tests\Unit\Test_AccessError.cpp" line="58" status="run" result="completed" time="0." timestamp="2026-09-14T15:21:15.717" classname="ErrorCategoryTest" />
    <testcase name="MakeErrorProducesCorrectCode" file="C:\Users\PrasannaNariboina\OneDrive - IBM\Prasan_Devops\AccessOS\Tests\Unit\Test_AccessError.cpp" line="65" status="run" result="completed" time="0." timestamp="2026-09-14T15:21:15.717" classname="ErrorCategoryTest" />
    <testcase name="DifferentErrorCodesAreNotEqual" file="C:\Users\PrasannaNariboina\OneDrive - IBM\Prasan_Devops\AccessOS\Tests\Unit\Test_AccessError.cpp" line="71" status="run" result="completed" time="0." timestamp="2026-09-14T15:21:15.717" classname="ErrorCategoryTest" />
  </testsuite>
  <testsuite name="LoggerTest" tests="9" failures="0" disabled="0" skipped="0" errors="0" time="0." timestamp="2026-09-14T15:21:15.717">
    <testcase name="InfoMessageIsRecorded" file="C:\Users\PrasannaNariboina\OneDrive - IBM\Prasan_Devops\AccessOS\Tests\Unit\Test_Logger.cpp" line="44" status="run" result="completed" time="0." timestamp="2026-09-14T15:21:15.717" classname="LoggerTest" />
    <testcase name="WarningMessageIsRecorded" file="C:\Users\PrasannaNariboina\OneDrive - IBM\Prasan_Devops\AccessOS\Tests\Unit\Test_Logger.cpp" line="53" status="run" result="completed" time="0." timestamp="2026-09-14T15:21:15.717" classname="LoggerTest" />
    <testcase name="ErrorMessageIsRecorded" file="C:\Users\PrasannaNariboina\OneDrive - IBM\Prasan_Devops\AccessOS\Tests\Unit\Test_Logger.cpp" line="60" status="run" result="completed" time="0." timestamp="2026-09-14T15:21:15.717" classname="LoggerTest" />
    <testcase name="CriticalMessageIsRecorded" file="C:\Users\PrasannaNariboina\OneDrive - IBM\Prasan_Devops\AccessOS\Tests\Unit\Test_Logger.cpp" line="67" status="run" result="completed" time="0." timestamp="2026-09-14T15:21:15.717" classname="LoggerTest" />
    <testcase name="DebugMessageRecordedWhenLevelIsDebug" file="C:\Users\PrasannaNariboina\OneDrive - IBM\Prasan_Devops\AccessOS\Tests\Unit\Test_Logger.cpp" line="74" status="run" result="completed" time="0." timestamp="2026-09-14T15:21:15.717" classname="LoggerTest" />
    <testcase name="DebugMessageSuppressedWhenLevelIsInfo" file="C:\Users\PrasannaNariboina\OneDrive - IBM\Prasan_Devops\AccessOS\Tests\Unit\Test_Logger.cpp" line="82" status="run" result="completed" time="0." timestamp="2026-09-14T15:21:15.717" classname="LoggerTest" />
    <testcase name="LowerLevelMessagesSuppressed" file="C:\Users\PrasannaNariboina\OneDrive - IBM\Prasan_Devops\AccessOS\Tests\Unit\Test_Logger.cpp" line="89" status="run" result="completed" time="0." timestamp="2026-09-14T15:21:15.717" classname="LoggerTest" />
    <testcase name="NullSinkProducesNoOutput" file="C:\Users\PrasannaNariboina\OneDrive - IBM\Prasan_Devops\AccessOS\Tests\Unit\Test_Logger.cpp" line="102" status="run" result="completed" time="0." timestamp="2026-09-14T15:21:15.717" classname="LoggerTest" />
    <testcase name="MultipleMessagesRecordedInOrder" file="C:\Users\PrasannaNariboina\OneDrive - IBM\Prasan_Devops\AccessOS\Tests\Unit\Test_Logger.cpp" line="109" status="run" result="completed" time="0." timestamp="2026-09-14T15:21:15.717" classname="LoggerTest" />
  </testsuite>
  <testsuite name="AccessStateTest" tests="4" failures="0" disabled="0" skipped="0" errors="0" time="0." timestamp="2026-09-14T15:21:15.717">
    <testcase name="HasStateTrueWhenFlagSet" file="C:\Users\PrasannaNariboina\OneDrive - IBM\Prasan_Devops\AccessOS\Tests\Unit\Test_AccessNode.cpp" line="11" status="run" result="completed" time="0." timestamp="2026-09-14T15:21:15.717" classname="AccessStateTest" />
    <testcase name="HasStateFalseWhenFlagNotSet" file="C:\Users\PrasannaNariboina\OneDrive - IBM\Prasan_Devops\AccessOS\Tests\Unit\Test_AccessNode.cpp" line="17" status="run" result="completed" time="0." timestamp="2026-09-14T15:21:15.717" classname="AccessStateTest" />
    <testcase name="NoneStateHasNoFlags" file="C:\Users\PrasannaNariboina\OneDrive - IBM\Prasan_Devops\AccessOS\Tests\Unit\Test_AccessNode.cpp" line="23" status="run" result="completed" time="0." timestamp="2026-09-14T15:21:15.717" classname="AccessStateTest" />
    <testcase name="MultipleStateFlagsCanBeSet" file="C:\Users\PrasannaNariboina\OneDrive - IBM\Prasan_Devops\AccessOS\Tests\Unit\Test_AccessNode.cpp" line="30" status="run" result="completed" time="0." timestamp="2026-09-14T15:21:15.717" classname="AccessStateTest" />
  </testsuite>
  <testsuite name="AccessNodeTest" tests="6" failures="0" disabled="0" skipped="0" errors="0" time="0." timestamp="2026-09-14T15:21:15.717">
    <testcase name="DefaultConstructedNodeHasExpectedDefaults" file="C:\Users\PrasannaNariboina\OneDrive - IBM\Prasan_Devops\AccessOS\Tests\Unit\Test_AccessNode.cpp" line="44" status="run" result="completed" time="0." timestamp="2026-09-14T15:21:15.717" classname="AccessNodeTest" />
    <testcase name="IsFocusedReflectsState" file="C:\Users\PrasannaNariboina\OneDrive - IBM\Prasan_Devops\AccessOS\Tests\Unit\Test_AccessNode.cpp" line="62" status="run" result="completed" time="0." timestamp="2026-09-14T15:21:15.717" classname="AccessNodeTest" />
    <testcase name="IsDisabledReflectsState" file="C:\Users\PrasannaNariboina\OneDrive - IBM\Prasan_Devops\AccessOS\Tests\Unit\Test_AccessNode.cpp" line="70" status="run" result="completed" time="0." timestamp="2026-09-14T15:21:15.717" classname="AccessNodeTest" />
    <testcase name="IsHiddenReflectsState" file="C:\Users\PrasannaNariboina\OneDrive - IBM\Prasan_Devops\AccessOS\Tests\Unit\Test_AccessNode.cpp" line="78" status="run" result="completed" time="0." timestamp="2026-09-14T15:21:15.717" classname="AccessNodeTest" />
    <testcase name="IsProtectedReflectsState" file="C:\Users\PrasannaNariboina\OneDrive - IBM\Prasan_Devops\AccessOS\Tests\Unit\Test_AccessNode.cpp" line="86" status="run" result="completed" time="0." timestamp="2026-09-14T15:21:15.717" classname="AccessNodeTest" />
    <testcase name="PopulatedNodeRetainsAllFields" file="C:\Users\PrasannaNariboina\OneDrive - IBM\Prasan_Devops\AccessOS\Tests\Unit\Test_AccessNode.cpp" line="113" status="run" result="completed" time="0." timestamp="2026-09-14T15:21:15.717" classname="AccessNodeTest" />
  </testsuite>
  <testsuite name="AccessBoundsTest" tests="3" failures="0" disabled="0" skipped="0" errors="0" time="0.001" timestamp="2026-09-14T15:21:15.717">
    <testcase name="DefaultBoundsIsEmpty" file="C:\Users\PrasannaNariboina\OneDrive - IBM\Prasan_Devops\AccessOS\Tests\Unit\Test_AccessNode.cpp" line="96" status="run" result="completed" time="0." timestamp="2026-09-14T15:21:15.717" classname="AccessBoundsTest" />
    <testcase name="NonZeroDimensionsNotEmpty" file="C:\Users\PrasannaNariboina\OneDrive - IBM\Prasan_Devops\AccessOS\Tests\Unit\Test_AccessNode.cpp" line="101" status="run" result="completed" time="0." timestamp="2026-09-14T15:21:15.717" classname="AccessBoundsTest" />
    <testcase name="ZeroWidthIsEmpty" file="C:\Users\PrasannaNariboina\OneDrive - IBM\Prasan_Devops\AccessOS\Tests\Unit\Test_AccessNode.cpp" line="106" status="run" result="completed" time="0." timestamp="2026-09-14T15:21:15.717" classname="AccessBoundsTest" />
  </testsuite>
  <testsuite name="UIARoleMapTest" tests="24" failures="0" disabled="0" skipped="0" errors="0" time="0." timestamp="2026-09-14T15:21:15.719">
    <testcase name="ButtonMapsToButton" file="C:\Users\PrasannaNariboina\OneDrive - IBM\Prasan_Devops\AccessOS\Tests\Unit\Test_UIARoleMap.cpp" line="12" status="run" result="completed" time="0." timestamp="2026-09-14T15:21:15.719" classname="UIARoleMapTest" />
    <testcase name="CheckBoxMapsToCheckBox" file="C:\Users\PrasannaNariboina\OneDrive - IBM\Prasan_Devops\AccessOS\Tests\Unit\Test_UIARoleMap.cpp" line="16" status="run" result="completed" time="0." timestamp="2026-09-14T15:21:15.719" classname="UIARoleMapTest" />
    <testcase name="EditMapsToEdit" file="C:\Users\PrasannaNariboina\OneDrive - IBM\Prasan_Devops\AccessOS\Tests\Unit\Test_UIARoleMap.cpp" line="20" status="run" result="completed" time="0." timestamp="2026-09-14T15:21:15.719" classname="UIARoleMapTest" />
    <testcase name="HyperlinkMapsToLink" file="C:\Users\PrasannaNariboina\OneDrive - IBM\Prasan_Devops\AccessOS\Tests\Unit\Test_UIARoleMap.cpp" line="24" status="run" result="completed" time="0." timestamp="2026-09-14T15:21:15.719" classname="UIARoleMapTest" />
    <testcase name="ImageMapsToImage" file="C:\Users\PrasannaNariboina\OneDrive - IBM\Prasan_Devops\AccessOS\Tests\Unit\Test_UIARoleMap.cpp" line="28" status="run" result="completed" time="0." timestamp="2026-09-14T15:21:15.719" classname="UIARoleMapTest" />
    <testcase name="ListMapsToListBox" file="C:\Users\PrasannaNariboina\OneDrive - IBM\Prasan_Devops\AccessOS\Tests\Unit\Test_UIARoleMap.cpp" line="32" status="run" result="completed" time="0." timestamp="2026-09-14T15:21:15.719" classname="UIARoleMapTest" />
    <testcase name="ListItemMapsToListItem" file="C:\Users\PrasannaNariboina\OneDrive - IBM\Prasan_Devops\AccessOS\Tests\Unit\Test_UIARoleMap.cpp" line="36" status="run" result="completed" time="0." timestamp="2026-09-14T15:21:15.719" classname="UIARoleMapTest" />
    <testcase name="MenuMapsToMenu" file="C:\Users\PrasannaNariboina\OneDrive - IBM\Prasan_Devops\AccessOS\Tests\Unit\Test_UIARoleMap.cpp" line="40" status="run" result="completed" time="0." timestamp="2026-09-14T15:21:15.719" classname="UIARoleMapTest" />
    <testcase name="MenuBarMapsToMenuBar" file="C:\Users\PrasannaNariboina\OneDrive - IBM\Prasan_Devops\AccessOS\Tests\Unit\Test_UIARoleMap.cpp" line="44" status="run" result="completed" time="0." timestamp="2026-09-14T15:21:15.719" classname="UIARoleMapTest" />
    <testcase name="MenuItemMapsToMenuItem" file="C:\Users\PrasannaNariboina\OneDrive - IBM\Prasan_Devops\AccessOS\Tests\Unit\Test_UIARoleMap.cpp" line="48" status="run" result="completed" time="0." timestamp="2026-09-14T15:21:15.719" classname="UIARoleMapTest" />
    <testcase name="RadioButtonMapsToRadioButton" file="C:\Users\PrasannaNariboina\OneDrive - IBM\Prasan_Devops\AccessOS\Tests\Unit\Test_UIARoleMap.cpp" line="52" status="run" result="completed" time="0." timestamp="2026-09-14T15:21:15.719" classname="UIARoleMapTest" />
    <testcase name="TabControlMapsToTabControl" file="C:\Users\PrasannaNariboina\OneDrive - IBM\Prasan_Devops\AccessOS\Tests\Unit\Test_UIARoleMap.cpp" line="56" status="run" result="completed" time="0." timestamp="2026-09-14T15:21:15.719" classname="UIARoleMapTest" />
    <testcase name="TabItemMapsToTab" file="C:\Users\PrasannaNariboina\OneDrive - IBM\Prasan_Devops\AccessOS\Tests\Unit\Test_UIARoleMap.cpp" line="60" status="run" result="completed" time="0." timestamp="2026-09-14T15:21:15.719" classname="UIARoleMapTest" />
    <testcase name="TextMapsToStaticText" file="C:\Users\PrasannaNariboina\OneDrive - IBM\Prasan_Devops\AccessOS\Tests\Unit\Test_UIARoleMap.cpp" line="64" status="run" result="completed" time="0." timestamp="2026-09-14T15:21:15.719" classname="UIARoleMapTest" />
    <testcase name="TreeMapsToTree" file="C:\Users\PrasannaNariboina\OneDrive - IBM\Prasan_Devops\AccessOS\Tests\Unit\Test_UIARoleMap.cpp" line="68" status="run" result="completed" time="0." timestamp="2026-09-14T15:21:15.719" classname="UIARoleMapTest" />
    <testcase name="TreeItemMapsToTreeItem" file="C:\Users\PrasannaNariboina\OneDrive - IBM\Prasan_Devops\AccessOS\Tests\Unit\Test_UIARoleMap.cpp" line="72" status="run" result="completed" time="0." timestamp="2026-09-14T15:21:15.719" classname="UIARoleMapTest" />
    <testcase name="WindowMapsToWindow" file="C:\Users\PrasannaNariboina\OneDrive - IBM\Prasan_Devops\AccessOS\Tests\Unit\Test_UIARoleMap.cpp" line="76" status="run" result="completed" time="0." timestamp="2026-09-14T15:21:15.719" classname="UIARoleMapTest" />
    <testcase name="DocumentMapsToDocument" file="C:\Users\PrasannaNariboina\OneDrive - IBM\Prasan_Devops\AccessOS\Tests\Unit\Test_UIARoleMap.cpp" line="80" status="run" result="completed" time="0." timestamp="2026-09-14T15:21:15.719" classname="UIARoleMapTest" />
    <testcase name="TableMapsToTable" file="C:\Users\PrasannaNariboina\OneDrive - IBM\Prasan_Devops\AccessOS\Tests\Unit\Test_UIARoleMap.cpp" line="84" status="run" result="completed" time="0." timestamp="2026-09-14T15:21:15.719" classname="UIARoleMapTest" />
    <testcase name="DataGridMapsToTable" file="C:\Users\PrasannaNariboina\OneDrive - IBM\Prasan_Devops\AccessOS\Tests\Unit\Test_UIARoleMap.cpp" line="88" status="run" result="completed" time="0." timestamp="2026-09-14T15:21:15.719" classname="UIARoleMapTest" />
    <testcase name="PaneMapsToPane" file="C:\Users\PrasannaNariboina\OneDrive - IBM\Prasan_Devops\AccessOS\Tests\Unit\Test_UIARoleMap.cpp" line="92" status="run" result="completed" time="0." timestamp="2026-09-14T15:21:15.719" classname="UIARoleMapTest" />
    <testcase name="GroupMapsToGroup" file="C:\Users\PrasannaNariboina\OneDrive - IBM\Prasan_Devops\AccessOS\Tests\Unit\Test_UIARoleMap.cpp" line="96" status="run" result="completed" time="0." timestamp="2026-09-14T15:21:15.719" classname="UIARoleMapTest" />
    <testcase name="UnknownControlTypeReturnsUnknown" file="C:\Users\PrasannaNariboina\OneDrive - IBM\Prasan_Devops\AccessOS\Tests\Unit\Test_UIARoleMap.cpp" line="100" status="run" result="completed" time="0." timestamp="2026-09-14T15:21:15.719" classname="UIARoleMapTest" />
    <testcase name="CustomControlTypeReturnsUnknown" file="C:\Users\PrasannaNariboina\OneDrive - IBM\Prasan_Devops\AccessOS\Tests\Unit\Test_UIARoleMap.cpp" line="105" status="run" result="completed" time="0." timestamp="2026-09-14T15:21:15.719" classname="UIARoleMapTest" />
  </testsuite>
  <testsuite name="EventQueueTest" tests="9" failures="0" disabled="0" skipped="0" errors="0" time="0.098" timestamp="2026-09-14T15:21:15.719">
    <testcase name="EnqueuedEventIsDequeued" file="C:\Users\PrasannaNariboina\OneDrive - IBM\Prasan_Devops\AccessOS\Tests\Unit\Test_EventQueue.cpp" line="26" status="run" result="completed" time="0." timestamp="2026-09-14T15:21:15.719" classname="EventQueueTest" />
    <testcase name="DequeueTimesOutWhenEmpty" file="C:\Users\PrasannaNariboina\OneDrive - IBM\Prasan_Devops\AccessOS\Tests\Unit\Test_EventQueue.cpp" line="36" status="run" result="completed" time="0.056" timestamp="2026-09-14T15:21:15.720" classname="EventQueueTest" />
    <testcase name="MultipleEventsDequeueInOrder" file="C:\Users\PrasannaNariboina\OneDrive - IBM\Prasan_Devops\AccessOS\Tests\Unit\Test_EventQueue.cpp" line="42" status="run" result="completed" time="0." timestamp="2026-09-14T15:21:15.777" classname="EventQueueTest" />
    <testcase name="StopCausesDequeueToReturnNullopt" file="C:\Users\PrasannaNariboina\OneDrive - IBM\Prasan_Devops\AccessOS\Tests\Unit\Test_EventQueue.cpp" line="62" status="run" result="completed" time="0." timestamp="2026-09-14T15:21:15.777" classname="EventQueueTest" />
    <testcase name="EnqueueAfterStopIsIgnored" file="C:\Users\PrasannaNariboina\OneDrive - IBM\Prasan_Devops\AccessOS\Tests\Unit\Test_EventQueue.cpp" line="69" status="run" result="completed" time="0." timestamp="2026-09-14T15:21:15.777" classname="EventQueueTest" />
    <testcase name="StopWakesBlockedDequeue" file="C:\Users\PrasannaNariboina\OneDrive - IBM\Prasan_Devops\AccessOS\Tests\Unit\Test_EventQueue.cpp" line="76" status="run" result="completed" time="0.031" timestamp="2026-09-14T15:21:15.777" classname="EventQueueTest" />
    <testcase name="QueueDropsOldestWhenFull" file="C:\Users\PrasannaNariboina\OneDrive - IBM\Prasan_Devops\AccessOS\Tests\Unit\Test_EventQueue.cpp" line="94" status="run" result="completed" time="0.005" timestamp="2026-09-14T15:21:15.809" classname="EventQueueTest" />
    <testcase name="SizeReflectsQueueDepth" file="C:\Users\PrasannaNariboina\OneDrive - IBM\Prasan_Devops\AccessOS\Tests\Unit\Test_EventQueue.cpp" line="109" status="run" result="completed" time="0." timestamp="2026-09-14T15:21:15.815" classname="EventQueueTest" />
    <testcase name="ConcurrentEnqueueIsThreadSafe" file="C:\Users\PrasannaNariboina\OneDrive - IBM\Prasan_Devops\AccessOS\Tests\Unit\Test_EventQueue.cpp" line="125" status="run" result="completed" time="0.003" timestamp="2026-09-14T15:21:15.815" classname="EventQueueTest" />
  </testsuite>
  <testsuite name="EventEngineTest" tests="4" failures="0" disabled="0" skipped="0" errors="0" time="0." timestamp="2026-09-14T15:21:15.818">
    <testcase name="ListenerReceivesEnqueuedEvent" file="C:\Users\PrasannaNariboina\OneDrive - IBM\Prasan_Devops\AccessOS\Tests\Unit\Test_EventEngine.cpp" line="42" status="run" result="completed" time="0." timestamp="2026-09-14T15:21:15.818" classname="EventEngineTest" />
    <testcase name="MultipleListenersAllReceiveEvent" file="C:\Users\PrasannaNariboina\OneDrive - IBM\Prasan_Devops\AccessOS\Tests\Unit\Test_EventEngine.cpp" line="66" status="run" result="completed" time="0." timestamp="2026-09-14T15:21:15.818" classname="EventEngineTest" />
    <testcase name="EventTimestampIsPreserved" file="C:\Users\PrasannaNariboina\OneDrive - IBM\Prasan_Devops\AccessOS\Tests\Unit\Test_EventEngine.cpp" line="87" status="run" result="completed" time="0." timestamp="2026-09-14T15:21:15.818" classname="EventEngineTest" />
    <testcase name="EventTypeIsPreservedThroughQueue" file="C:\Users\PrasannaNariboina\OneDrive - IBM\Prasan_Devops\AccessOS\Tests\Unit\Test_EventEngine.cpp" line="103" status="run" result="completed" time="0." timestamp="2026-09-14T15:21:15.818" classname="EventEngineTest" />
  </testsuite>
  <testsuite name="SemanticCacheTest" tests="14" failures="0" disabled="0" skipped="0" errors="0" time="0.005" timestamp="2026-09-14T15:21:15.819">
    <testcase name="EmptyCacheReturnsNullopt" file="C:\Users\PrasannaNariboina\OneDrive - IBM\Prasan_Devops\AccessOS\Tests\Unit\Test_SemanticCache.cpp" line="26" status="run" result="completed" time="0." timestamp="2026-09-14T15:21:15.819" classname="SemanticCacheTest" />
    <testcase name="UpdateAndGetNode" file="C:\Users\PrasannaNariboina\OneDrive - IBM\Prasan_Devops\AccessOS\Tests\Unit\Test_SemanticCache.cpp" line="33" status="run" result="completed" time="0." timestamp="2026-09-14T15:21:15.819" classname="SemanticCacheTest" />
    <testcase name="UpdateReplacesExistingNode" file="C:\Users\PrasannaNariboina\OneDrive - IBM\Prasan_Devops\AccessOS\Tests\Unit\Test_SemanticCache.cpp" line="43" status="run" result="completed" time="0." timestamp="2026-09-14T15:21:15.819" classname="SemanticCacheTest" />
    <testcase name="RemoveDeletesNode" file="C:\Users\PrasannaNariboina\OneDrive - IBM\Prasan_Devops\AccessOS\Tests\Unit\Test_SemanticCache.cpp" line="53" status="run" result="completed" time="0." timestamp="2026-09-14T15:21:15.819" classname="SemanticCacheTest" />
    <testcase name="ClearRemovesAllNodes" file="C:\Users\PrasannaNariboina\OneDrive - IBM\Prasan_Devops\AccessOS\Tests\Unit\Test_SemanticCache.cpp" line="62" status="run" result="completed" time="0." timestamp="2026-09-14T15:21:15.819" classname="SemanticCacheTest" />
    <testcase name="SetAndGetFocusedNode" file="C:\Users\PrasannaNariboina\OneDrive - IBM\Prasan_Devops\AccessOS\Tests\Unit\Test_SemanticCache.cpp" line="74" status="run" result="completed" time="0." timestamp="2026-09-14T15:21:15.819" classname="SemanticCacheTest" />
    <testcase name="RemoveFocusedNodeClearsFocus" file="C:\Users\PrasannaNariboina\OneDrive - IBM\Prasan_Devops\AccessOS\Tests\Unit\Test_SemanticCache.cpp" line="85" status="run" result="completed" time="0." timestamp="2026-09-14T15:21:15.820" classname="SemanticCacheTest" />
    <testcase name="ClearAlsoResetsFocus" file="C:\Users\PrasannaNariboina\OneDrive - IBM\Prasan_Devops\AccessOS\Tests\Unit\Test_SemanticCache.cpp" line="94" status="run" result="completed" time="0." timestamp="2026-09-14T15:21:15.820" classname="SemanticCacheTest" />
    <testcase name="GetChildrenReturnsOnlyDirectChildren" file="C:\Users\PrasannaNariboina\OneDrive - IBM\Prasan_Devops\AccessOS\Tests\Unit\Test_SemanticCache.cpp" line="105" status="run" result="completed" time="0." timestamp="2026-09-14T15:21:15.820" classname="SemanticCacheTest" />
    <testcase name="GetChildrenReturnsEmptyWhenNone" file="C:\Users\PrasannaNariboina\OneDrive - IBM\Prasan_Devops\AccessOS\Tests\Unit\Test_SemanticCache.cpp" line="116" status="run" result="completed" time="0." timestamp="2026-09-14T15:21:15.820" classname="SemanticCacheTest" />
    <testcase name="ContainsReturnsTrueForExistingNode" file="C:\Users\PrasannaNariboina\OneDrive - IBM\Prasan_Devops\AccessOS\Tests\Unit\Test_SemanticCache.cpp" line="124" status="run" result="completed" time="0." timestamp="2026-09-14T15:21:15.820" classname="SemanticCacheTest" />
    <testcase name="FindAllMatchesByRole" file="C:\Users\PrasannaNariboina\OneDrive - IBM\Prasan_Devops\AccessOS\Tests\Unit\Test_SemanticCache.cpp" line="133" status="run" result="completed" time="0." timestamp="2026-09-14T15:21:15.820" classname="SemanticCacheTest" />
    <testcase name="FindAllReturnsEmptyWhenNoMatch" file="C:\Users\PrasannaNariboina\OneDrive - IBM\Prasan_Devops\AccessOS\Tests\Unit\Test_SemanticCache.cpp" line="146" status="run" result="completed" time="0." timestamp="2026-09-14T15:21:15.820" classname="SemanticCacheTest" />
    <testcase name="ConcurrentUpdatesAreThreadSafe" file="C:\Users\PrasannaNariboina\OneDrive - IBM\Prasan_Devops\AccessOS\Tests\Unit\Test_SemanticCache.cpp" line="158" status="run" result="completed" time="0.003" timestamp="2026-09-14T15:21:15.820" classname="SemanticCacheTest" />
  </testsuite>
  <testsuite name="SemanticNormalizerTest" tests="11" failures="0" disabled="0" skipped="0" errors="0" time="0." timestamp="2026-09-14T15:21:15.824">
    <testcase name="TrimsLeadingAndTrailingWhitespace" file="C:\Users\PrasannaNariboina\OneDrive - IBM\Prasan_Devops\AccessOS\Tests\Unit\Test_SemanticNormalizer.cpp" line="23" status="run" result="completed" time="0." timestamp="2026-09-14T15:21:15.824" classname="SemanticNormalizerTest" />
    <testcase name="TrimsDescription" file="C:\Users\PrasannaNariboina\OneDrive - IBM\Prasan_Devops\AccessOS\Tests\Unit\Test_SemanticNormalizer.cpp" line="28" status="run" result="completed" time="0." timestamp="2026-09-14T15:21:15.824" classname="SemanticNormalizerTest" />
    <testcase name="TrimsHelpText" file="C:\Users\PrasannaNariboina\OneDrive - IBM\Prasan_Devops\AccessOS\Tests\Unit\Test_SemanticNormalizer.cpp" line="35" status="run" result="completed" time="0." timestamp="2026-09-14T15:21:15.824" classname="SemanticNormalizerTest" />
    <testcase name="EmptyNameRemainsEmptyForNonStaticText" file="C:\Users\PrasannaNariboina\OneDrive - IBM\Prasan_Devops\AccessOS\Tests\Unit\Test_SemanticNormalizer.cpp" line="42" status="run" result="completed" time="0." timestamp="2026-09-14T15:21:15.824" classname="SemanticNormalizerTest" />
    <testcase name="StaticTextFallsBackToValueWhenNameEmpty" file="C:\Users\PrasannaNariboina\OneDrive - IBM\Prasan_Devops\AccessOS\Tests\Unit\Test_SemanticNormalizer.cpp" line="47" status="run" result="completed" time="0." timestamp="2026-09-14T15:21:15.824" classname="SemanticNormalizerTest" />
    <testcase name="StaticTextKeepsNameWhenPresent" file="C:\Users\PrasannaNariboina\OneDrive - IBM\Prasan_Devops\AccessOS\Tests\Unit\Test_SemanticNormalizer.cpp" line="53" status="run" result="completed" time="0." timestamp="2026-09-14T15:21:15.824" classname="SemanticNormalizerTest" />
    <testcase name="EditRoleGetsMultiLineState" file="C:\Users\PrasannaNariboina\OneDrive - IBM\Prasan_Devops\AccessOS\Tests\Unit\Test_SemanticNormalizer.cpp" line="61" status="run" result="completed" time="0." timestamp="2026-09-14T15:21:15.825" classname="SemanticNormalizerTest" />
    <testcase name="MultiLineEditRoleGetsMultiLineState" file="C:\Users\PrasannaNariboina\OneDrive - IBM\Prasan_Devops\AccessOS\Tests\Unit\Test_SemanticNormalizer.cpp" line="66" status="run" result="completed" time="0." timestamp="2026-09-14T15:21:15.825" classname="SemanticNormalizerTest" />
    <testcase name="ButtonDoesNotGetMultiLineState" file="C:\Users\PrasannaNariboina\OneDrive - IBM\Prasan_Devops\AccessOS\Tests\Unit\Test_SemanticNormalizer.cpp" line="71" status="run" result="completed" time="0." timestamp="2026-09-14T15:21:15.825" classname="SemanticNormalizerTest" />
    <testcase name="PasswordEditGetsProtectedState" file="C:\Users\PrasannaNariboina\OneDrive - IBM\Prasan_Devops\AccessOS\Tests\Unit\Test_SemanticNormalizer.cpp" line="76" status="run" result="completed" time="0." timestamp="2026-09-14T15:21:15.825" classname="SemanticNormalizerTest" />
    <testcase name="NormalizationPreservesExistingState" file="C:\Users\PrasannaNariboina\OneDrive - IBM\Prasan_Devops\AccessOS\Tests\Unit\Test_SemanticNormalizer.cpp" line="81" status="run" result="completed" time="0." timestamp="2026-09-14T15:21:15.825" classname="SemanticNormalizerTest" />
  </testsuite>
  <testsuite name="SemanticModelTest" tests="5" failures="0" disabled="0" skipped="0" errors="0" time="0." timestamp="2026-09-14T15:21:15.825">
    <testcase name="FocusChangedEventUpdatesCache" file="C:\Users\PrasannaNariboina\OneDrive - IBM\Prasan_Devops\AccessOS\Tests\Unit\Test_SemanticNormalizer.cpp" line="91" status="run" result="completed" time="0." timestamp="2026-09-14T15:21:15.825" classname="SemanticModelTest" />
    <testcase name="FocusObserverIsCalledOnFocusChange" file="C:\Users\PrasannaNariboina\OneDrive - IBM\Prasan_Devops\AccessOS\Tests\Unit\Test_SemanticNormalizer.cpp" line="111" status="run" result="completed" time="0." timestamp="2026-09-14T15:21:15.825" classname="SemanticModelTest" />
    <testcase name="ZeroIdFocusEventIsIgnored" file="C:\Users\PrasannaNariboina\OneDrive - IBM\Prasan_Devops\AccessOS\Tests\Unit\Test_SemanticNormalizer.cpp" line="134" status="run" result="completed" time="0." timestamp="2026-09-14T15:21:15.825" classname="SemanticModelTest" />
    <testcase name="PropertyChangedUpdatesExistingNode" file="C:\Users\PrasannaNariboina\OneDrive - IBM\Prasan_Devops\AccessOS\Tests\Unit\Test_SemanticNormalizer.cpp" line="148" status="run" result="completed" time="0." timestamp="2026-09-14T15:21:15.825" classname="SemanticModelTest" />
    <testcase name="ClearResetsCache" file="C:\Users\PrasannaNariboina\OneDrive - IBM\Prasan_Devops\AccessOS\Tests\Unit\Test_SemanticNormalizer.cpp" line="174" status="run" result="completed" time="0." timestamp="2026-09-14T15:21:15.825" classname="SemanticModelTest" />
  </testsuite>
  <testsuite name="FocusManagerTest" tests="14" failures="0" disabled="0" skipped="0" errors="0" time="0.003" timestamp="2026-09-14T15:21:15.825">
    <testcase name="InitialStateHasNoFocus" file="C:\Users\PrasannaNariboina\OneDrive - IBM\Prasan_Devops\AccessOS\Tests\Unit\Test_FocusManager.cpp" line="33" status="run" result="completed" time="0." timestamp="2026-09-14T15:21:15.825" classname="FocusManagerTest" />
    <testcase name="FirstFocusEventIsRecorded" file="C:\Users\PrasannaNariboina\OneDrive - IBM\Prasan_Devops\AccessOS\Tests\Unit\Test_FocusManager.cpp" line="43" status="run" result="completed" time="0." timestamp="2026-09-14T15:21:15.825" classname="FocusManagerTest" />
    <testcase name="FocusChangeCountIncrements" file="C:\Users\PrasannaNariboina\OneDrive - IBM\Prasan_Devops\AccessOS\Tests\Unit\Test_FocusManager.cpp" line="57" status="run" result="completed" time="0." timestamp="2026-09-14T15:21:15.825" classname="FocusManagerTest" />
    <testcase name="DuplicateFocusEventIsSuppressed" file="C:\Users\PrasannaNariboina\OneDrive - IBM\Prasan_Devops\AccessOS\Tests\Unit\Test_FocusManager.cpp" line="70" status="run" result="completed" time="0." timestamp="2026-09-14T15:21:15.826" classname="FocusManagerTest" />
    <testcase name="DifferentElementIsNotSuppressed" file="C:\Users\PrasannaNariboina\OneDrive - IBM\Prasan_Devops\AccessOS\Tests\Unit\Test_FocusManager.cpp" line="82" status="run" result="completed" time="0." timestamp="2026-09-14T15:21:15.826" classname="FocusManagerTest" />
    <testcase name="MultipleDuplicatesAllSuppressed" file="C:\Users\PrasannaNariboina\OneDrive - IBM\Prasan_Devops\AccessOS\Tests\Unit\Test_FocusManager.cpp" line="94" status="run" result="completed" time="0." timestamp="2026-09-14T15:21:15.826" classname="FocusManagerTest" />
    <testcase name="PreviousFocusIsRetainedAfterChange" file="C:\Users\PrasannaNariboina\OneDrive - IBM\Prasan_Devops\AccessOS\Tests\Unit\Test_FocusManager.cpp" line="110" status="run" result="completed" time="0." timestamp="2026-09-14T15:21:15.826" classname="FocusManagerTest" />
    <testcase name="PreviousFocusIsNulloptAfterOnlyOneChange" file="C:\Users\PrasannaNariboina\OneDrive - IBM\Prasan_Devops\AccessOS\Tests\Unit\Test_FocusManager.cpp" line="124" status="run" result="completed" time="0." timestamp="2026-09-14T15:21:15.826" classname="FocusManagerTest" />
    <testcase name="HistoryIsNewestFirst" file="C:\Users\PrasannaNariboina\OneDrive - IBM\Prasan_Devops\AccessOS\Tests\Unit\Test_FocusManager.cpp" line="136" status="run" result="completed" time="0." timestamp="2026-09-14T15:21:15.826" classname="FocusManagerTest" />
    <testcase name="HistoryRespectesMaxCountParameter" file="C:\Users\PrasannaNariboina\OneDrive - IBM\Prasan_Devops\AccessOS\Tests\Unit\Test_FocusManager.cpp" line="152" status="run" result="completed" time="0." timestamp="2026-09-14T15:21:15.826" classname="FocusManagerTest" />
    <testcase name="HistoryDoesNotExceedMaxSize" file="C:\Users\PrasannaNariboina\OneDrive - IBM\Prasan_Devops\AccessOS\Tests\Unit\Test_FocusManager.cpp" line="167" status="run" result="completed" time="0.001" timestamp="2026-09-14T15:21:15.827" classname="FocusManagerTest" />
    <testcase name="ObserverIsCalledOnGenuineChange" file="C:\Users\PrasannaNariboina\OneDrive - IBM\Prasan_Devops\AccessOS\Tests\Unit\Test_FocusManager.cpp" line="183" status="run" result="completed" time="0." timestamp="2026-09-14T15:21:15.828" classname="FocusManagerTest" />
    <testcase name="ObserverNotCalledOnDuplicate" file="C:\Users\PrasannaNariboina\OneDrive - IBM\Prasan_Devops\AccessOS\Tests\Unit\Test_FocusManager.cpp" line="201" status="run" result="completed" time="0." timestamp="2026-09-14T15:21:15.829" classname="FocusManagerTest" />
    <testcase name="MultipleObserversAllReceiveNotification" file="C:\Users\PrasannaNariboina\OneDrive - IBM\Prasan_Devops\AccessOS\Tests\Unit\Test_FocusManager.cpp" line="215" status="run" result="completed" time="0." timestamp="2026-09-14T15:21:15.829" classname="FocusManagerTest" />
  </testsuite>
  <testsuite name="SpeechFormatterTest" tests="15" failures="0" disabled="0" skipped="0" errors="0" time="0." timestamp="2026-09-14T15:21:15.829">
    <testcase name="ButtonFormatIsNameCommaRole" file="C:\Users\PrasannaNariboina\OneDrive - IBM\Prasan_Devops\AccessOS\Tests\Unit\Test_SpeechFormatter.cpp" line="29" status="run" result="completed" time="0." timestamp="2026-09-14T15:21:15.829" classname="SpeechFormatterTest" />
    <testcase name="CheckboxCheckedFormat" file="C:\Users\PrasannaNariboina\OneDrive - IBM\Prasan_Devops\AccessOS\Tests\Unit\Test_SpeechFormatter.cpp" line="36" status="run" result="completed" time="0." timestamp="2026-09-14T15:21:15.829" classname="SpeechFormatterTest" />
    <testcase name="CheckboxUncheckedFormat" file="C:\Users\PrasannaNariboina\OneDrive - IBM\Prasan_Devops\AccessOS\Tests\Unit\Test_SpeechFormatter.cpp" line="44" status="run" result="completed" time="0." timestamp="2026-09-14T15:21:15.829" classname="SpeechFormatterTest" />
    <testcase name="HeadingFormatIncludesLevel" file="C:\Users\PrasannaNariboina\OneDrive - IBM\Prasan_Devops\AccessOS\Tests\Unit\Test_SpeechFormatter.cpp" line="50" status="run" result="completed" time="0." timestamp="2026-09-14T15:21:15.829" classname="SpeechFormatterTest" />
    <testcase name="EditFormatIsNameCommaEdit" file="C:\Users\PrasannaNariboina\OneDrive - IBM\Prasan_Devops\AccessOS\Tests\Unit\Test_SpeechFormatter.cpp" line="58" status="run" result="completed" time="0." timestamp="2026-09-14T15:21:15.829" classname="SpeechFormatterTest" />
    <testcase name="LinkFormat" file="C:\Users\PrasannaNariboina\OneDrive - IBM\Prasan_Devops\AccessOS\Tests\Unit\Test_SpeechFormatter.cpp" line="66" status="run" result="completed" time="0." timestamp="2026-09-14T15:21:15.829" classname="SpeechFormatterTest" />
    <testcase name="PasswordFieldNeverSpeaksValue" file="C:\Users\PrasannaNariboina\OneDrive - IBM\Prasan_Devops\AccessOS\Tests\Unit\Test_SpeechFormatter.cpp" line="74" status="run" result="completed" time="0." timestamp="2026-09-14T15:21:15.829" classname="SpeechFormatterTest" />
    <testcase name="MinimalPolicyOmitsRole" file="C:\Users\PrasannaNariboina\OneDrive - IBM\Prasan_Devops\AccessOS\Tests\Unit\Test_SpeechFormatter.cpp" line="85" status="run" result="completed" time="0." timestamp="2026-09-14T15:21:15.829" classname="SpeechFormatterTest" />
    <testcase name="MinimalPolicyOmitsState" file="C:\Users\PrasannaNariboina\OneDrive - IBM\Prasan_Devops\AccessOS\Tests\Unit\Test_SpeechFormatter.cpp" line="91" status="run" result="completed" time="0." timestamp="2026-09-14T15:21:15.829" classname="SpeechFormatterTest" />
    <testcase name="DetailedPolicyIncludesDescription" file="C:\Users\PrasannaNariboina\OneDrive - IBM\Prasan_Devops\AccessOS\Tests\Unit\Test_SpeechFormatter.cpp" line="98" status="run" result="completed" time="0." timestamp="2026-09-14T15:21:15.829" classname="SpeechFormatterTest" />
    <testcase name="PositionAnnouncedWhenPolicyEnabled" file="C:\Users\PrasannaNariboina\OneDrive - IBM\Prasan_Devops\AccessOS\Tests\Unit\Test_SpeechFormatter.cpp" line="108" status="run" result="completed" time="0." timestamp="2026-09-14T15:21:15.829" classname="SpeechFormatterTest" />
    <testcase name="PositionNotAnnouncedByDefault" file="C:\Users\PrasannaNariboina\OneDrive - IBM\Prasan_Devops\AccessOS\Tests\Unit\Test_SpeechFormatter.cpp" line="117" status="run" result="completed" time="0." timestamp="2026-09-14T15:21:15.829" classname="SpeechFormatterTest" />
    <testcase name="DisabledStateIsAnnounced" file="C:\Users\PrasannaNariboina\OneDrive - IBM\Prasan_Devops\AccessOS\Tests\Unit\Test_SpeechFormatter.cpp" line="127" status="run" result="completed" time="0." timestamp="2026-09-14T15:21:15.829" classname="SpeechFormatterTest" />
    <testcase name="ExpandedStateIsAnnounced" file="C:\Users\PrasannaNariboina\OneDrive - IBM\Prasan_Devops\AccessOS\Tests\Unit\Test_SpeechFormatter.cpp" line="133" status="run" result="completed" time="0." timestamp="2026-09-14T15:21:15.829" classname="SpeechFormatterTest" />
    <testcase name="CollapsedStateIsAnnounced" file="C:\Users\PrasannaNariboina\OneDrive - IBM\Prasan_Devops\AccessOS\Tests\Unit\Test_SpeechFormatter.cpp" line="139" status="run" result="completed" time="0." timestamp="2026-09-14T15:21:15.829" classname="SpeechFormatterTest" />
  </testsuite>
  <testsuite name="SpeechQueueTest" tests="5" failures="0" disabled="0" skipped="0" errors="0" time="0.026" timestamp="2026-09-14T15:21:15.829">
    <testcase name="HighPriorityDequeuedBeforeLow" file="C:\Users\PrasannaNariboina\OneDrive - IBM\Prasan_Devops\AccessOS\Tests\Unit\Test_SpeechFormatter.cpp" line="147" status="run" result="completed" time="0." timestamp="2026-09-14T15:21:15.829" classname="SpeechQueueTest" />
    <testcase name="CancelUpToRemovesLowerPriority" file="C:\Users\PrasannaNariboina\OneDrive - IBM\Prasan_Devops\AccessOS\Tests\Unit\Test_SpeechFormatter.cpp" line="170" status="run" result="completed" time="0." timestamp="2026-09-14T15:21:15.830" classname="SpeechQueueTest" />
    <testcase name="CancelAllEmptiesQueue" file="C:\Users\PrasannaNariboina\OneDrive - IBM\Prasan_Devops\AccessOS\Tests\Unit\Test_SpeechFormatter.cpp" line="189" status="run" result="completed" time="0." timestamp="2026-09-14T15:21:15.830" classname="SpeechQueueTest" />
    <testcase name="CancelPreviousRemovesLowerOnEnqueue" file="C:\Users\PrasannaNariboina\OneDrive - IBM\Prasan_Devops\AccessOS\Tests\Unit\Test_SpeechFormatter.cpp" line="201" status="run" result="completed" time="0." timestamp="2026-09-14T15:21:15.830" classname="SpeechQueueTest" />
    <testcase name="StopWakesBlockedDequeue" file="C:\Users\PrasannaNariboina\OneDrive - IBM\Prasan_Devops\AccessOS\Tests\Unit\Test_SpeechFormatter.cpp" line="221" status="run" result="completed" time="0.026" timestamp="2026-09-14T15:21:15.830" classname="SpeechQueueTest" />
  </testsuite>
  <testsuite name="CommandManagerTest" tests="10" failures="0" disabled="0" skipped="0" errors="0" time="0.002" timestamp="2026-09-14T15:21:15.856">
    <testcase name="RegisterAndGetById" file="C:\Users\PrasannaNariboina\OneDrive - IBM\Prasan_Devops\AccessOS\Tests\Unit\Test_CommandManager.cpp" line="17" status="run" result="completed" time="0." timestamp="2026-09-14T15:21:15.856" classname="CommandManagerTest" />
    <testcase name="GetUnknownReturnsNull" file="C:\Users\PrasannaNariboina\OneDrive - IBM\Prasan_Devops\AccessOS\Tests\Unit\Test_CommandManager.cpp" line="23" status="run" result="completed" time="0." timestamp="2026-09-14T15:21:15.856" classname="CommandManagerTest" />
    <testcase name="CountAfterRegister" file="C:\Users\PrasannaNariboina\OneDrive - IBM\Prasan_Devops\AccessOS\Tests\Unit\Test_CommandManager.cpp" line="28" status="run" result="completed" time="0." timestamp="2026-09-14T15:21:15.856" classname="CommandManagerTest" />
    <testcase name="RegisterReplacesDuplicate" file="C:\Users\PrasannaNariboina\OneDrive - IBM\Prasan_Devops\AccessOS\Tests\Unit\Test_CommandManager.cpp" line="36" status="run" result="completed" time="0." timestamp="2026-09-14T15:21:15.856" classname="CommandManagerTest" />
    <testcase name="ExecuteInvokesCommand" file="C:\Users\PrasannaNariboina\OneDrive - IBM\Prasan_Devops\AccessOS\Tests\Unit\Test_CommandManager.cpp" line="48" status="run" result="completed" time="0." timestamp="2026-09-14T15:21:15.856" classname="CommandManagerTest" />
    <testcase name="ExecuteUnknownReturnsFalse" file="C:\Users\PrasannaNariboina\OneDrive - IBM\Prasan_Devops\AccessOS\Tests\Unit\Test_CommandManager.cpp" line="57" status="run" result="completed" time="0." timestamp="2026-09-14T15:21:15.856" classname="CommandManagerTest" />
    <testcase name="AllIdsContainsRegistered" file="C:\Users\PrasannaNariboina\OneDrive - IBM\Prasan_Devops\AccessOS\Tests\Unit\Test_CommandManager.cpp" line="62" status="run" result="completed" time="0." timestamp="2026-09-14T15:21:15.856" classname="CommandManagerTest" />
    <testcase name="RegisterSharedPtrCommand" file="C:\Users\PrasannaNariboina\OneDrive - IBM\Prasan_Devops\AccessOS\Tests\Unit\Test_CommandManager.cpp" line="101" status="run" result="completed" time="0." timestamp="2026-09-14T15:21:15.856" classname="CommandManagerTest" />
    <testcase name="RegisterNullptrIsIgnored" file="C:\Users\PrasannaNariboina\OneDrive - IBM\Prasan_Devops\AccessOS\Tests\Unit\Test_CommandManager.cpp" line="108" status="run" result="completed" time="0." timestamp="2026-09-14T15:21:15.856" classname="CommandManagerTest" />
    <testcase name="ConcurrentExecuteIsSafe" file="C:\Users\PrasannaNariboina\OneDrive - IBM\Prasan_Devops\AccessOS\Tests\Unit\Test_CommandManager.cpp" line="116" status="run" result="completed" time="0.002" timestamp="2026-09-14T15:21:15.856" classname="CommandManagerTest" />
  </testsuite>
  <testsuite name="LambdaCommandTest" tests="3" failures="0" disabled="0" skipped="0" errors="0" time="0." timestamp="2026-09-14T15:21:15.859">
    <testcase name="IdAndDisplayName" file="C:\Users\PrasannaNariboina\OneDrive - IBM\Prasan_Devops\AccessOS\Tests\Unit\Test_CommandManager.cpp" line="80" status="run" result="completed" time="0." timestamp="2026-09-14T15:21:15.859" classname="LambdaCommandTest" />
    <testcase name="ExecuteCallsLambda" file="C:\Users\PrasannaNariboina\OneDrive - IBM\Prasan_Devops\AccessOS\Tests\Unit\Test_CommandManager.cpp" line="86" status="run" result="completed" time="0." timestamp="2026-09-14T15:21:15.859" classname="LambdaCommandTest" />
    <testcase name="NullLambdaDoesNotCrash" file="C:\Users\PrasannaNariboina\OneDrive - IBM\Prasan_Devops\AccessOS\Tests\Unit\Test_CommandManager.cpp" line="94" status="run" result="completed" time="0." timestamp="2026-09-14T15:21:15.859" classname="LambdaCommandTest" />
  </testsuite>
  <testsuite name="ShortcutManagerTest" tests="14" failures="0" disabled="0" skipped="0" errors="0" time="0." timestamp="2026-09-14T15:21:15.859">
    <testcase name="BindAndLookup" file="C:\Users\PrasannaNariboina\OneDrive - IBM\Prasan_Devops\AccessOS\Tests\Unit\Test_ShortcutManager.cpp" line="18" status="run" result="completed" time="0." timestamp="2026-09-14T15:21:15.859" classname="ShortcutManagerTest" />
    <testcase name="LookupUnboundReturnsNullopt" file="C:\Users\PrasannaNariboina\OneDrive - IBM\Prasan_Devops\AccessOS\Tests\Unit\Test_ShortcutManager.cpp" line="26" status="run" result="completed" time="0." timestamp="2026-09-14T15:21:15.859" classname="ShortcutManagerTest" />
    <testcase name="CountAfterBind" file="C:\Users\PrasannaNariboina\OneDrive - IBM\Prasan_Devops\AccessOS\Tests\Unit\Test_ShortcutManager.cpp" line="31" status="run" result="completed" time="0." timestamp="2026-09-14T15:21:15.859" classname="ShortcutManagerTest" />
    <testcase name="DuplicateBindReturnsFalse" file="C:\Users\PrasannaNariboina\OneDrive - IBM\Prasan_Devops\AccessOS\Tests\Unit\Test_ShortcutManager.cpp" line="41" status="run" result="completed" time="0." timestamp="2026-09-14T15:21:15.859" classname="ShortcutManagerTest" />
    <testcase name="HasConflictTrue" file="C:\Users\PrasannaNariboina\OneDrive - IBM\Prasan_Devops\AccessOS\Tests\Unit\Test_ShortcutManager.cpp" line="49" status="run" result="completed" time="0." timestamp="2026-09-14T15:21:15.859" classname="ShortcutManagerTest" />
    <testcase name="HasConflictFalse" file="C:\Users\PrasannaNariboina\OneDrive - IBM\Prasan_Devops\AccessOS\Tests\Unit\Test_ShortcutManager.cpp" line="55" status="run" result="completed" time="0." timestamp="2026-09-14T15:21:15.859" classname="ShortcutManagerTest" />
    <testcase name="UnbindExistingReturnsTrue" file="C:\Users\PrasannaNariboina\OneDrive - IBM\Prasan_Devops\AccessOS\Tests\Unit\Test_ShortcutManager.cpp" line="62" status="run" result="completed" time="0." timestamp="2026-09-14T15:21:15.859" classname="ShortcutManagerTest" />
    <testcase name="UnbindNonExistentReturnsFalse" file="C:\Users\PrasannaNariboina\OneDrive - IBM\Prasan_Devops\AccessOS\Tests\Unit\Test_ShortcutManager.cpp" line="70" status="run" result="completed" time="0." timestamp="2026-09-14T15:21:15.859" classname="ShortcutManagerTest" />
    <testcase name="RebindUpdatesCommandId" file="C:\Users\PrasannaNariboina\OneDrive - IBM\Prasan_Devops\AccessOS\Tests\Unit\Test_ShortcutManager.cpp" line="77" status="run" result="completed" time="0." timestamp="2026-09-14T15:21:15.859" classname="ShortcutManagerTest" />
    <testcase name="RebindNonExistentReturnsFalse" file="C:\Users\PrasannaNariboina\OneDrive - IBM\Prasan_Devops\AccessOS\Tests\Unit\Test_ShortcutManager.cpp" line="84" status="run" result="completed" time="0." timestamp="2026-09-14T15:21:15.860" classname="ShortcutManagerTest" />
    <testcase name="AllBindingsContainsAll" file="C:\Users\PrasannaNariboina\OneDrive - IBM\Prasan_Devops\AccessOS\Tests\Unit\Test_ShortcutManager.cpp" line="91" status="run" result="completed" time="0." timestamp="2026-09-14T15:21:15.860" classname="ShortcutManagerTest" />
    <testcase name="AllBindingsEmptyWhenNone" file="C:\Users\PrasannaNariboina\OneDrive - IBM\Prasan_Devops\AccessOS\Tests\Unit\Test_ShortcutManager.cpp" line="99" status="run" result="completed" time="0." timestamp="2026-09-14T15:21:15.860" classname="ShortcutManagerTest" />
    <testcase name="CtrlShiftCombo" file="C:\Users\PrasannaNariboina\OneDrive - IBM\Prasan_Devops\AccessOS\Tests\Unit\Test_ShortcutManager.cpp" line="106" status="run" result="completed" time="0." timestamp="2026-09-14T15:21:15.860" classname="ShortcutManagerTest" />
    <testcase name="HasModifierHelper" file="C:\Users\PrasannaNariboina\OneDrive - IBM\Prasan_Devops\AccessOS\Tests\Unit\Test_ShortcutManager.cpp" line="117" status="run" result="completed" time="0." timestamp="2026-09-14T15:21:15.860" classname="ShortcutManagerTest" />
  </testsuite>
  <testsuite name="NavigationEngineTest" tests="21" failures="0" disabled="0" skipped="0" errors="0" time="0.009" timestamp="2026-09-14T15:21:15.860">
    <testcase name="GetFocusedReturnsCurrentFocus" file="C:\Users\PrasannaNariboina\OneDrive - IBM\Prasan_Devops\AccessOS\Tests\Unit\Test_NavigationEngine.cpp" line="67" status="run" result="completed" time="0." timestamp="2026-09-14T15:21:15.860" classname="NavigationEngineTest" />
    <testcase name="GetFocusedNullModelReturnsNullopt" file="C:\Users\PrasannaNariboina\OneDrive - IBM\Prasan_Devops\AccessOS\Tests\Unit\Test_NavigationEngine.cpp" line="75" status="run" result="completed" time="0." timestamp="2026-09-14T15:21:15.860" classname="NavigationEngineTest" />
    <testcase name="NavigateNextReturnsNextSibling" file="C:\Users\PrasannaNariboina\OneDrive - IBM\Prasan_Devops\AccessOS\Tests\Unit\Test_NavigationEngine.cpp" line="82" status="run" result="completed" time="0." timestamp="2026-09-14T15:21:15.860" classname="NavigationEngineTest" />
    <testcase name="NavigatePreviousReturnsPrevSibling" file="C:\Users\PrasannaNariboina\OneDrive - IBM\Prasan_Devops\AccessOS\Tests\Unit\Test_NavigationEngine.cpp" line="90" status="run" result="completed" time="0." timestamp="2026-09-14T15:21:15.860" classname="NavigationEngineTest" />
    <testcase name="NavigateNextAtEndReturnsNullopt" file="C:\Users\PrasannaNariboina\OneDrive - IBM\Prasan_Devops\AccessOS\Tests\Unit\Test_NavigationEngine.cpp" line="98" status="run" result="completed" time="0." timestamp="2026-09-14T15:21:15.860" classname="NavigationEngineTest" />
    <testcase name="NavigatePrevAtBeginReturnsNullopt" file="C:\Users\PrasannaNariboina\OneDrive - IBM\Prasan_Devops\AccessOS\Tests\Unit\Test_NavigationEngine.cpp" line="104" status="run" result="completed" time="0." timestamp="2026-09-14T15:21:15.860" classname="NavigationEngineTest" />
    <testcase name="NavigateEmptyCacheReturnsNullopt" file="C:\Users\PrasannaNariboina\OneDrive - IBM\Prasan_Devops\AccessOS\Tests\Unit\Test_NavigationEngine.cpp" line="110" status="run" result="completed" time="0." timestamp="2026-09-14T15:21:15.861" classname="NavigationEngineTest" />
    <testcase name="GetParentReturnsParentNode" file="C:\Users\PrasannaNariboina\OneDrive - IBM\Prasan_Devops\AccessOS\Tests\Unit\Test_NavigationEngine.cpp" line="118" status="run" result="completed" time="0." timestamp="2026-09-14T15:21:15.861" classname="NavigationEngineTest" />
    <testcase name="GetParentNoParentIdReturnsNullopt" file="C:\Users\PrasannaNariboina\OneDrive - IBM\Prasan_Devops\AccessOS\Tests\Unit\Test_NavigationEngine.cpp" line="132" status="run" result="completed" time="0." timestamp="2026-09-14T15:21:15.861" classname="NavigationEngineTest" />
    <testcase name="GetFirstChildNoChildrenReturnsNullopt" file="C:\Users\PrasannaNariboina\OneDrive - IBM\Prasan_Devops\AccessOS\Tests\Unit\Test_NavigationEngine.cpp" line="140" status="run" result="completed" time="0." timestamp="2026-09-14T15:21:15.861" classname="NavigationEngineTest" />
    <testcase name="GetLastChildNoChildrenReturnsNullopt" file="C:\Users\PrasannaNariboina\OneDrive - IBM\Prasan_Devops\AccessOS\Tests\Unit\Test_NavigationEngine.cpp" line="146" status="run" result="completed" time="0." timestamp="2026-09-14T15:21:15.861" classname="NavigationEngineTest" />
    <testcase name="AllOfRoleReturnsMatchingNodes" file="C:\Users\PrasannaNariboina\OneDrive - IBM\Prasan_Devops\AccessOS\Tests\Unit\Test_NavigationEngine.cpp" line="154" status="run" result="completed" time="0." timestamp="2026-09-14T15:21:15.861" classname="NavigationEngineTest" />
    <testcase name="AllOfRoleEmptyWhenNoMatch" file="C:\Users\PrasannaNariboina\OneDrive - IBM\Prasan_Devops\AccessOS\Tests\Unit\Test_NavigationEngine.cpp" line="170" status="run" result="completed" time="0." timestamp="2026-09-14T15:21:15.861" classname="NavigationEngineTest" />
    <testcase name="FindNextHeadingSkipsOtherRoles" file="C:\Users\PrasannaNariboina\OneDrive - IBM\Prasan_Devops\AccessOS\Tests\Unit\Test_NavigationEngine.cpp" line="178" status="run" result="completed" time="0." timestamp="2026-09-14T15:21:15.861" classname="NavigationEngineTest" />
    <testcase name="FindNextWrapsAround" file="C:\Users\PrasannaNariboina\OneDrive - IBM\Prasan_Devops\AccessOS\Tests\Unit\Test_NavigationEngine.cpp" line="191" status="run" result="completed" time="0." timestamp="2026-09-14T15:21:15.861" classname="NavigationEngineTest" />
    <testcase name="PrevHeadingSearchesBackward" file="C:\Users\PrasannaNariboina\OneDrive - IBM\Prasan_Devops\AccessOS\Tests\Unit\Test_NavigationEngine.cpp" line="205" status="run" result="completed" time="0." timestamp="2026-09-14T15:21:15.861" classname="NavigationEngineTest" />
    <testcase name="FindNextReturnsNulloptWhenRoleAbsent" file="C:\Users\PrasannaNariboina\OneDrive - IBM\Prasan_Devops\AccessOS\Tests\Unit\Test_NavigationEngine.cpp" line="218" status="run" result="completed" time="0." timestamp="2026-09-14T15:21:15.861" classname="NavigationEngineTest" />
    <testcase name="NextLinkAndPrevLink" file="C:\Users\PrasannaNariboina\OneDrive - IBM\Prasan_Devops\AccessOS\Tests\Unit\Test_NavigationEngine.cpp" line="227" status="run" result="completed" time="0." timestamp="2026-09-14T15:21:15.869" classname="NavigationEngineTest" />
    <testcase name="NextButtonAndPrevButton" file="C:\Users\PrasannaNariboina\OneDrive - IBM\Prasan_Devops\AccessOS\Tests\Unit\Test_NavigationEngine.cpp" line="244" status="run" result="completed" time="0." timestamp="2026-09-14T15:21:15.869" classname="NavigationEngineTest" />
    <testcase name="NextFormFieldAndPrevFormField" file="C:\Users\PrasannaNariboina\OneDrive - IBM\Prasan_Devops\AccessOS\Tests\Unit\Test_NavigationEngine.cpp" line="259" status="run" result="completed" time="0." timestamp="2026-09-14T15:21:15.869" classname="NavigationEngineTest" />
    <testcase name="NullModelAllMethodsReturnSafe" file="C:\Users\PrasannaNariboina\OneDrive - IBM\Prasan_Devops\AccessOS\Tests\Unit\Test_NavigationEngine.cpp" line="276" status="run" result="completed" time="0." timestamp="2026-09-14T15:21:15.869" classname="NavigationEngineTest" />
  </testsuite>
  <testsuite name="SqliteSettingsStoreTest" tests="15" failures="0" disabled="0" skipped="0" errors="0" time="0.004" timestamp="2026-09-14T15:21:15.869">
    <testcase name="OpenInMemorySucceeds" file="C:\Users\PrasannaNariboina\OneDrive - IBM\Prasan_Devops\AccessOS\Tests\Unit\Test_SettingsManager.cpp" line="25" status="run" result="completed" time="0." timestamp="2026-09-14T15:21:15.869" classname="SqliteSettingsStoreTest" />
    <testcase name="DoubleOpenIsIdempotent" file="C:\Users\PrasannaNariboina\OneDrive - IBM\Prasan_Devops\AccessOS\Tests\Unit\Test_SettingsManager.cpp" line="33" status="run" result="completed" time="0." timestamp="2026-09-14T15:21:15.870" classname="SqliteSettingsStoreTest" />
    <testcase name="SetAndGetRoundTrip" file="C:\Users\PrasannaNariboina\OneDrive - IBM\Prasan_Devops\AccessOS\Tests\Unit\Test_SettingsManager.cpp" line="42" status="run" result="completed" time="0." timestamp="2026-09-14T15:21:15.870" classname="SqliteSettingsStoreTest" />
    <testcase name="GetMissingKeyReturnsNullopt" file="C:\Users\PrasannaNariboina\OneDrive - IBM\Prasan_Devops\AccessOS\Tests\Unit\Test_SettingsManager.cpp" line="50" status="run" result="completed" time="0." timestamp="2026-09-14T15:21:15.871" classname="SqliteSettingsStoreTest" />
    <testcase name="GetOrReturnsFallback" file="C:\Users\PrasannaNariboina\OneDrive - IBM\Prasan_Devops\AccessOS\Tests\Unit\Test_SettingsManager.cpp" line="55" status="run" result="completed" time="0." timestamp="2026-09-14T15:21:15.871" classname="SqliteSettingsStoreTest" />
    <testcase name="SetOverwritesExistingValue" file="C:\Users\PrasannaNariboina\OneDrive - IBM\Prasan_Devops\AccessOS\Tests\Unit\Test_SettingsManager.cpp" line="60" status="run" result="completed" time="0." timestamp="2026-09-14T15:21:15.871" classname="SqliteSettingsStoreTest" />
    <testcase name="HasReturnsTrueForExistingKey" file="C:\Users\PrasannaNariboina\OneDrive - IBM\Prasan_Devops\AccessOS\Tests\Unit\Test_SettingsManager.cpp" line="69" status="run" result="completed" time="0." timestamp="2026-09-14T15:21:15.871" classname="SqliteSettingsStoreTest" />
    <testcase name="HasReturnsFalseForMissingKey" file="C:\Users\PrasannaNariboina\OneDrive - IBM\Prasan_Devops\AccessOS\Tests\Unit\Test_SettingsManager.cpp" line="75" status="run" result="completed" time="0." timestamp="2026-09-14T15:21:15.872" classname="SqliteSettingsStoreTest" />
    <testcase name="RemoveDeletesKey" file="C:\Users\PrasannaNariboina\OneDrive - IBM\Prasan_Devops\AccessOS\Tests\Unit\Test_SettingsManager.cpp" line="82" status="run" result="completed" time="0." timestamp="2026-09-14T15:21:15.872" classname="SqliteSettingsStoreTest" />
    <testcase name="RemoveMissingKeyReturnsFalse" file="C:\Users\PrasannaNariboina\OneDrive - IBM\Prasan_Devops\AccessOS\Tests\Unit\Test_SettingsManager.cpp" line="89" status="run" result="completed" time="0." timestamp="2026-09-14T15:21:15.872" classname="SqliteSettingsStoreTest" />
    <testcase name="KeysReturnsAllWhenNoPrefixGiven" file="C:\Users\PrasannaNariboina\OneDrive - IBM\Prasan_Devops\AccessOS\Tests\Unit\Test_SettingsManager.cpp" line="96" status="run" result="completed" time="0." timestamp="2026-09-14T15:21:15.873" classname="SqliteSettingsStoreTest" />
    <testcase name="KeysWithPrefixFiltersCorrectly" file="C:\Users\PrasannaNariboina\OneDrive - IBM\Prasan_Devops\AccessOS\Tests\Unit\Test_SettingsManager.cpp" line="104" status="run" result="completed" time="0." timestamp="2026-09-14T15:21:15.873" classname="SqliteSettingsStoreTest" />
    <testcase name="KeysEmptyWhenNoneMatch" file="C:\Users\PrasannaNariboina\OneDrive - IBM\Prasan_Devops\AccessOS\Tests\Unit\Test_SettingsManager.cpp" line="117" status="run" result="completed" time="0." timestamp="2026-09-14T15:21:15.873" classname="SqliteSettingsStoreTest" />
    <testcase name="ClearAllRemovesEverything" file="C:\Users\PrasannaNariboina\OneDrive - IBM\Prasan_Devops\AccessOS\Tests\Unit\Test_SettingsManager.cpp" line="125" status="run" result="completed" time="0." timestamp="2026-09-14T15:21:15.873" classname="SqliteSettingsStoreTest" />
    <testcase name="ClearWithPrefixRemovesOnlyMatching" file="C:\Users\PrasannaNariboina\OneDrive - IBM\Prasan_Devops\AccessOS\Tests\Unit\Test_SettingsManager.cpp" line="133" status="run" result="completed" time="0." timestamp="2026-09-14T15:21:15.874" classname="SqliteSettingsStoreTest" />
  </testsuite>
  <testsuite name="SettingsManagerTest" tests="18" failures="0" disabled="0" skipped="0" errors="0" time="0.02" timestamp="2026-09-14T15:21:15.874">
    <testcase name="DefaultSpeechRate" file="C:\Users\PrasannaNariboina\OneDrive - IBM\Prasan_Devops\AccessOS\Tests\Unit\Test_SettingsManager.cpp" line="146" status="run" result="completed" time="0." timestamp="2026-09-14T15:21:15.874" classname="SettingsManagerTest" />
    <testcase name="SetAndGetSpeechRate" file="C:\Users\PrasannaNariboina\OneDrive - IBM\Prasan_Devops\AccessOS\Tests\Unit\Test_SettingsManager.cpp" line="151" status="run" result="completed" time="0." timestamp="2026-09-14T15:21:15.874" classname="SettingsManagerTest" />
    <testcase name="DefaultSpeechVolume" file="C:\Users\PrasannaNariboina\OneDrive - IBM\Prasan_Devops\AccessOS\Tests\Unit\Test_SettingsManager.cpp" line="157" status="run" result="completed" time="0." timestamp="2026-09-14T15:21:15.874" classname="SettingsManagerTest" />
    <testcase name="SetAndGetSpeechVolume" file="C:\Users\PrasannaNariboina\OneDrive - IBM\Prasan_Devops\AccessOS\Tests\Unit\Test_SettingsManager.cpp" line="162" status="run" result="completed" time="0." timestamp="2026-09-14T15:21:15.875" classname="SettingsManagerTest" />
    <testcase name="DefaultVoiceIdIsEmpty" file="C:\Users\PrasannaNariboina\OneDrive - IBM\Prasan_Devops\AccessOS\Tests\Unit\Test_SettingsManager.cpp" line="168" status="run" result="completed" time="0." timestamp="2026-09-14T15:21:15.875" classname="SettingsManagerTest" />
    <testcase name="SetAndGetVoiceId" file="C:\Users\PrasannaNariboina\OneDrive - IBM\Prasan_Devops\AccessOS\Tests\Unit\Test_SettingsManager.cpp" line="173" status="run" result="completed" time="0." timestamp="2026-09-14T15:21:15.875" classname="SettingsManagerTest" />
    <testcase name="DefaultVerbosityIsOne" file="C:\Users\PrasannaNariboina\OneDrive - IBM\Prasan_Devops\AccessOS\Tests\Unit\Test_SettingsManager.cpp" line="179" status="run" result="completed" time="0." timestamp="2026-09-14T15:21:15.875" classname="SettingsManagerTest" />
    <testcase name="SetAndGetVerbosity" file="C:\Users\PrasannaNariboina\OneDrive - IBM\Prasan_Devops\AccessOS\Tests\Unit\Test_SettingsManager.cpp" line="184" status="run" result="completed" time="0." timestamp="2026-09-14T15:21:15.875" classname="SettingsManagerTest" />
    <testcase name="AnnouncePositionDefaultFalse" file="C:\Users\PrasannaNariboina\OneDrive - IBM\Prasan_Devops\AccessOS\Tests\Unit\Test_SettingsManager.cpp" line="190" status="run" result="completed" time="0." timestamp="2026-09-14T15:21:15.876" classname="SettingsManagerTest" />
    <testcase name="SetAnnouncePositionTrue" file="C:\Users\PrasannaNariboina\OneDrive - IBM\Prasan_Devops\AccessOS\Tests\Unit\Test_SettingsManager.cpp" line="195" status="run" result="completed" time="0." timestamp="2026-09-14T15:21:15.876" classname="SettingsManagerTest" />
    <testcase name="ShortcutDefaultIsZeroZero" file="C:\Users\PrasannaNariboina\OneDrive - IBM\Prasan_Devops\AccessOS\Tests\Unit\Test_SettingsManager.cpp" line="203" status="run" result="completed" time="0." timestamp="2026-09-14T15:21:15.876" classname="SettingsManagerTest" />
    <testcase name="SetAndGetShortcut" file="C:\Users\PrasannaNariboina\OneDrive - IBM\Prasan_Devops\AccessOS\Tests\Unit\Test_SettingsManager.cpp" line="210" status="run" result="completed" time="0." timestamp="2026-09-14T15:21:15.876" classname="SettingsManagerTest" />
    <testcase name="RemoveShortcut" file="C:\Users\PrasannaNariboina\OneDrive - IBM\Prasan_Devops\AccessOS\Tests\Unit\Test_SettingsManager.cpp" line="218" status="run" result="completed" time="0." timestamp="2026-09-14T15:21:15.876" classname="SettingsManagerTest" />
    <testcase name="DefaultThemeIsSystem" file="C:\Users\PrasannaNariboina\OneDrive - IBM\Prasan_Devops\AccessOS\Tests\Unit\Test_SettingsManager.cpp" line="229" status="run" result="completed" time="0." timestamp="2026-09-14T15:21:15.877" classname="SettingsManagerTest" />
    <testcase name="SetThemeDark" file="C:\Users\PrasannaNariboina\OneDrive - IBM\Prasan_Devops\AccessOS\Tests\Unit\Test_SettingsManager.cpp" line="234" status="run" result="completed" time="0." timestamp="2026-09-14T15:21:15.877" classname="SettingsManagerTest" />
    <testcase name="SuppressPasswordsDefaultTrue" file="C:\Users\PrasannaNariboina\OneDrive - IBM\Prasan_Devops\AccessOS\Tests\Unit\Test_SettingsManager.cpp" line="242" status="run" result="completed" time="0." timestamp="2026-09-14T15:21:15.877" classname="SettingsManagerTest" />
    <testcase name="SetSuppressPasswordsFalse" file="C:\Users\PrasannaNariboina\OneDrive - IBM\Prasan_Devops\AccessOS\Tests\Unit\Test_SettingsManager.cpp" line="247" status="run" result="completed" time="0." timestamp="2026-09-14T15:21:15.877" classname="SettingsManagerTest" />
    <testcase name="ValuesPersistedToFileAndReloaded" file="C:\Users\PrasannaNariboina\OneDrive - IBM\Prasan_Devops\AccessOS\Tests\Unit\Test_SettingsManager.cpp" line="255" status="run" result="completed" time="0.017" timestamp="2026-09-14T15:21:15.877" classname="SettingsManagerTest" />
  </testsuite>
  <testsuite name="PrivacyFilterTest" tests="23" failures="0" disabled="0" skipped="0" errors="0" time="0." timestamp="2026-09-14T15:21:15.895">
    <testcase name="PasswordEditRoleIsSensitive" file="C:\Users\PrasannaNariboina\OneDrive - IBM\Prasan_Devops\AccessOS\Tests\Unit\Test_PrivacyFilter.cpp" line="43" status="run" result="completed" time="0." timestamp="2026-09-14T15:21:15.895" classname="PrivacyFilterTest" />
    <testcase name="ProtectedStateIsSensitive" file="C:\Users\PrasannaNariboina\OneDrive - IBM\Prasan_Devops\AccessOS\Tests\Unit\Test_PrivacyFilter.cpp" line="47" status="run" result="completed" time="0." timestamp="2026-09-14T15:21:15.895" classname="PrivacyFilterTest" />
    <testcase name="PlainEditNodeIsNotSensitive" file="C:\Users\PrasannaNariboina\OneDrive - IBM\Prasan_Devops\AccessOS\Tests\Unit\Test_PrivacyFilter.cpp" line="53" status="run" result="completed" time="0." timestamp="2026-09-14T15:21:15.895" classname="PrivacyFilterTest" />
    <testcase name="ButtonIsNotSensitive" file="C:\Users\PrasannaNariboina\OneDrive - IBM\Prasan_Devops\AccessOS\Tests\Unit\Test_PrivacyFilter.cpp" line="57" status="run" result="completed" time="0." timestamp="2026-09-14T15:21:15.895" classname="PrivacyFilterTest" />
    <testcase name="SensitiveNameCaseInsensitive" file="C:\Users\PrasannaNariboina\OneDrive - IBM\Prasan_Devops\AccessOS\Tests\Unit\Test_PrivacyFilter.cpp" line="105" status="run" result="completed" time="0." timestamp="2026-09-14T15:21:15.895" classname="PrivacyFilterTest" />
    <testcase name="SensitiveDescriptionMakesNodeSensitive" file="C:\Users\PrasannaNariboina\OneDrive - IBM\Prasan_Devops\AccessOS\Tests\Unit\Test_PrivacyFilter.cpp" line="113" status="run" result="completed" time="0." timestamp="2026-09-14T15:21:15.895" classname="PrivacyFilterTest" />
    <testcase name="R1_PasswordValueNeverSpoken" file="C:\Users\PrasannaNariboina\OneDrive - IBM\Prasan_Devops\AccessOS\Tests\Unit\Test_PrivacyFilter.cpp" line="148" status="run" result="completed" time="0." timestamp="2026-09-14T15:21:15.895" classname="PrivacyFilterTest" />
    <testcase name="R1_ProtectedStateValueNeverSpoken" file="C:\Users\PrasannaNariboina\OneDrive - IBM\Prasan_Devops\AccessOS\Tests\Unit\Test_PrivacyFilter.cpp" line="154" status="run" result="completed" time="0." timestamp="2026-09-14T15:21:15.895" classname="PrivacyFilterTest" />
    <testcase name="R1_SensitiveNameFieldValueNeverSpoken" file="C:\Users\PrasannaNariboina\OneDrive - IBM\Prasan_Devops\AccessOS\Tests\Unit\Test_PrivacyFilter.cpp" line="161" status="run" result="completed" time="0." timestamp="2026-09-14T15:21:15.895" classname="PrivacyFilterTest" />
    <testcase name="R1_NonSensitiveValueSpokenNormally" file="C:\Users\PrasannaNariboina\OneDrive - IBM\Prasan_Devops\AccessOS\Tests\Unit\Test_PrivacyFilter.cpp" line="166" status="run" result="completed" time="0." timestamp="2026-09-14T15:21:15.895" classname="PrivacyFilterTest" />
    <testcase name="R1_EmptyValueReturnedForSensitive" file="C:\Users\PrasannaNariboina\OneDrive - IBM\Prasan_Devops\AccessOS\Tests\Unit\Test_PrivacyFilter.cpp" line="171" status="run" result="completed" time="0." timestamp="2026-09-14T15:21:15.895" classname="PrivacyFilterTest" />
    <testcase name="PasswordLabelIsSafeToSpeak" file="C:\Users\PrasannaNariboina\OneDrive - IBM\Prasan_Devops\AccessOS\Tests\Unit\Test_PrivacyFilter.cpp" line="178" status="run" result="completed" time="0." timestamp="2026-09-14T15:21:15.895" classname="PrivacyFilterTest" />
    <testcase name="UsernameLabelIsSafeToSpeak" file="C:\Users\PrasannaNariboina\OneDrive - IBM\Prasan_Devops\AccessOS\Tests\Unit\Test_PrivacyFilter.cpp" line="183" status="run" result="completed" time="0." timestamp="2026-09-14T15:21:15.895" classname="PrivacyFilterTest" />
    <testcase name="R2_PasswordInLogIsRedacted" file="C:\Users\PrasannaNariboina\OneDrive - IBM\Prasan_Devops\AccessOS\Tests\Unit\Test_PrivacyFilter.cpp" line="190" status="run" result="completed" time="0." timestamp="2026-09-14T15:21:15.895" classname="PrivacyFilterTest" />
    <testcase name="R6_SafeMessageUnchanged" file="C:\Users\PrasannaNariboina\OneDrive - IBM\Prasan_Devops\AccessOS\Tests\Unit\Test_PrivacyFilter.cpp" line="198" status="run" result="completed" time="0." timestamp="2026-09-14T15:21:15.895" classname="PrivacyFilterTest" />
    <testcase name="R6_EmptyMessageUnchanged" file="C:\Users\PrasannaNariboina\OneDrive - IBM\Prasan_Devops\AccessOS\Tests\Unit\Test_PrivacyFilter.cpp" line="203" status="run" result="completed" time="0." timestamp="2026-09-14T15:21:15.895" classname="PrivacyFilterTest" />
    <testcase name="R6_TokenInLogIsRedacted" file="C:\Users\PrasannaNariboina\OneDrive - IBM\Prasan_Devops\AccessOS\Tests\Unit\Test_PrivacyFilter.cpp" line="207" status="run" result="completed" time="0." timestamp="2026-09-14T15:21:15.895" classname="PrivacyFilterTest" />
    <testcase name="R6_MultipleKeywordsRedacted" file="C:\Users\PrasannaNariboina\OneDrive - IBM\Prasan_Devops\AccessOS\Tests\Unit\Test_PrivacyFilter.cpp" line="214" status="run" result="completed" time="0." timestamp="2026-09-14T15:21:15.895" classname="PrivacyFilterTest" />
    <testcase name="R3_PasswordNodeScrubbed" file="C:\Users\PrasannaNariboina\OneDrive - IBM\Prasan_Devops\AccessOS\Tests\Unit\Test_PrivacyFilter.cpp" line="223" status="run" result="completed" time="0." timestamp="2026-09-14T15:21:15.895" classname="PrivacyFilterTest" />
    <testcase name="R3_NonSensitiveNodeUnchanged" file="C:\Users\PrasannaNariboina\OneDrive - IBM\Prasan_Devops\AccessOS\Tests\Unit\Test_PrivacyFilter.cpp" line="230" status="run" result="completed" time="0." timestamp="2026-09-14T15:21:15.895" classname="PrivacyFilterTest" />
    <testcase name="R3_PageUrlPreservedAfterScrub" file="C:\Users\PrasannaNariboina\OneDrive - IBM\Prasan_Devops\AccessOS\Tests\Unit\Test_PrivacyFilter.cpp" line="237" status="run" result="completed" time="0." timestamp="2026-09-14T15:21:15.895" classname="PrivacyFilterTest" />
    <testcase name="R3_NonUrlDescriptionClearedAfterScrub" file="C:\Users\PrasannaNariboina\OneDrive - IBM\Prasan_Devops\AccessOS\Tests\Unit\Test_PrivacyFilter.cpp" line="246" status="run" result="completed" time="0." timestamp="2026-09-14T15:21:15.895" classname="PrivacyFilterTest" />
    <testcase name="RedactedConstantIsCorrect" file="C:\Users\PrasannaNariboina\OneDrive - IBM\Prasan_Devops\AccessOS\Tests\Unit\Test_PrivacyFilter.cpp" line="255" status="run" result="completed" time="0." timestamp="2026-09-14T15:21:15.895" classname="PrivacyFilterTest" />
  </testsuite>
  <testsuite name="ContextDetector_ClassifyByProcess" tests="11" failures="0" disabled="0" skipped="0" errors="0" time="0." timestamp="2026-09-14T15:21:15.895">
    <testcase name="KnownBrowsers" file="C:\Users\PrasannaNariboina\OneDrive - IBM\Prasan_Devops\AccessOS\Tests\Unit\Test_ContextDetector.cpp" line="32" status="run" result="completed" time="0." timestamp="2026-09-14T15:21:15.895" classname="ContextDetector_ClassifyByProcess" />
    <testcase name="BrowsersCaseInsensitive" file="C:\Users\PrasannaNariboina\OneDrive - IBM\Prasan_Devops\AccessOS\Tests\Unit\Test_ContextDetector.cpp" line="41" status="run" result="completed" time="0." timestamp="2026-09-14T15:21:15.896" classname="ContextDetector_ClassifyByProcess" />
    <testcase name="CodeEditors" file="C:\Users\PrasannaNariboina\OneDrive - IBM\Prasan_Devops\AccessOS\Tests\Unit\Test_ContextDetector.cpp" line="47" status="run" result="completed" time="0." timestamp="2026-09-14T15:21:15.896" classname="ContextDetector_ClassifyByProcess" />
    <testcase name="Terminals" file="C:\Users\PrasannaNariboina\OneDrive - IBM\Prasan_Devops\AccessOS\Tests\Unit\Test_ContextDetector.cpp" line="55" status="run" result="completed" time="0." timestamp="2026-09-14T15:21:15.896" classname="ContextDetector_ClassifyByProcess" />
    <testcase name="Documents" file="C:\Users\PrasannaNariboina\OneDrive - IBM\Prasan_Devops\AccessOS\Tests\Unit\Test_ContextDetector.cpp" line="64" status="run" result="completed" time="0." timestamp="2026-09-14T15:21:15.896" classname="ContextDetector_ClassifyByProcess" />
    <testcase name="Spreadsheets" file="C:\Users\PrasannaNariboina\OneDrive - IBM\Prasan_Devops\AccessOS\Tests\Unit\Test_ContextDetector.cpp" line="71" status="run" result="completed" time="0." timestamp="2026-09-14T15:21:15.896" classname="ContextDetector_ClassifyByProcess" />
    <testcase name="Presentations" file="C:\Users\PrasannaNariboina\OneDrive - IBM\Prasan_Devops\AccessOS\Tests\Unit\Test_ContextDetector.cpp" line="76" status="run" result="completed" time="0." timestamp="2026-09-14T15:21:15.896" classname="ContextDetector_ClassifyByProcess" />
    <testcase name="EmailAndChat" file="C:\Users\PrasannaNariboina\OneDrive - IBM\Prasan_Devops\AccessOS\Tests\Unit\Test_ContextDetector.cpp" line="81" status="run" result="completed" time="0." timestamp="2026-09-14T15:21:15.896" classname="ContextDetector_ClassifyByProcess" />
    <testcase name="Media" file="C:\Users\PrasannaNariboina\OneDrive - IBM\Prasan_Devops\AccessOS\Tests\Unit\Test_ContextDetector.cpp" line="89" status="run" result="completed" time="0." timestamp="2026-09-14T15:21:15.896" classname="ContextDetector_ClassifyByProcess" />
    <testcase name="FileExplorer" file="C:\Users\PrasannaNariboina\OneDrive - IBM\Prasan_Devops\AccessOS\Tests\Unit\Test_ContextDetector.cpp" line="95" status="run" result="completed" time="0." timestamp="2026-09-14T15:21:15.896" classname="ContextDetector_ClassifyByProcess" />
    <testcase name="UnknownProcess" file="C:\Users\PrasannaNariboina\OneDrive - IBM\Prasan_Devops\AccessOS\Tests\Unit\Test_ContextDetector.cpp" line="99" status="run" result="completed" time="0." timestamp="2026-09-14T15:21:15.896" classname="ContextDetector_ClassifyByProcess" />
  </testsuite>
  <testsuite name="ContextDetector_DisplayName" tests="4" failures="0" disabled="0" skipped="0" errors="0" time="0." timestamp="2026-09-14T15:21:15.896">
    <testcase name="KnownApps" file="C:\Users\PrasannaNariboina\OneDrive - IBM\Prasan_Devops\AccessOS\Tests\Unit\Test_ContextDetector.cpp" line="106" status="run" result="completed" time="0." timestamp="2026-09-14T15:21:15.896" classname="ContextDetector_DisplayName" />
    <testcase name="UnknownStripsExeAndCapitalises" file="C:\Users\PrasannaNariboina\OneDrive - IBM\Prasan_Devops\AccessOS\Tests\Unit\Test_ContextDetector.cpp" line="113" status="run" result="completed" time="0." timestamp="2026-09-14T15:21:15.896" classname="ContextDetector_DisplayName" />
    <testcase name="UnknownNoExtension" file="C:\Users\PrasannaNariboina\OneDrive - IBM\Prasan_Devops\AccessOS\Tests\Unit\Test_ContextDetector.cpp" line="118" status="run" result="completed" time="0." timestamp="2026-09-14T15:21:15.896" classname="ContextDetector_DisplayName" />
    <testcase name="EmptyProcess" file="C:\Users\PrasannaNariboina\OneDrive - IBM\Prasan_Devops\AccessOS\Tests\Unit\Test_ContextDetector.cpp" line="123" status="run" result="completed" time="0." timestamp="2026-09-14T15:21:15.896" classname="ContextDetector_DisplayName" />
  </testsuite>
  <testsuite name="ContextDetector_ClassifyByWindowClass" tests="7" failures="0" disabled="0" skipped="0" errors="0" time="0." timestamp="2026-09-14T15:21:15.896">
    <testcase name="ConsoleWindowClass" file="C:\Users\PrasannaNariboina\OneDrive - IBM\Prasan_Devops\AccessOS\Tests\Unit\Test_ContextDetector.cpp" line="129" status="run" result="completed" time="0." timestamp="2026-09-14T15:21:15.896" classname="ContextDetector_ClassifyByWindowClass" />
    <testcase name="ChromeWidget" file="C:\Users\PrasannaNariboina\OneDrive - IBM\Prasan_Devops\AccessOS\Tests\Unit\Test_ContextDetector.cpp" line="134" status="run" result="completed" time="0." timestamp="2026-09-14T15:21:15.896" classname="ContextDetector_ClassifyByWindowClass" />
    <testcase name="MozillaWindow" file="C:\Users\PrasannaNariboina\OneDrive - IBM\Prasan_Devops\AccessOS\Tests\Unit\Test_ContextDetector.cpp" line="139" status="run" result="completed" time="0." timestamp="2026-09-14T15:21:15.896" classname="ContextDetector_ClassifyByWindowClass" />
    <testcase name="DialogClass" file="C:\Users\PrasannaNariboina\OneDrive - IBM\Prasan_Devops\AccessOS\Tests\Unit\Test_ContextDetector.cpp" line="144" status="run" result="completed" time="0." timestamp="2026-09-14T15:21:15.896" classname="ContextDetector_ClassifyByWindowClass" />
    <testcase name="TeamsOpusApp" file="C:\Users\PrasannaNariboina\OneDrive - IBM\Prasan_Devops\AccessOS\Tests\Unit\Test_ContextDetector.cpp" line="149" status="run" result="completed" time="0." timestamp="2026-09-14T15:21:15.896" classname="ContextDetector_ClassifyByWindowClass" />
    <testcase name="ShellTrayWindow" file="C:\Users\PrasannaNariboina\OneDrive - IBM\Prasan_Devops\AccessOS\Tests\Unit\Test_ContextDetector.cpp" line="154" status="run" result="completed" time="0." timestamp="2026-09-14T15:21:15.896" classname="ContextDetector_ClassifyByWindowClass" />
    <testcase name="Unknown" file="C:\Users\PrasannaNariboina\OneDrive - IBM\Prasan_Devops\AccessOS\Tests\Unit\Test_ContextDetector.cpp" line="159" status="run" result="completed" time="0." timestamp="2026-09-14T15:21:15.896" classname="ContextDetector_ClassifyByWindowClass" />
  </testsuite>
  <testsuite name="ContextDetector_RefineBrowserContext" tests="4" failures="0" disabled="0" skipped="0" errors="0" time="0." timestamp="2026-09-14T15:21:15.897">
    <testcase name="AddressBarByName" file="C:\Users\PrasannaNariboina\OneDrive - IBM\Prasan_Devops\AccessOS\Tests\Unit\Test_ContextDetector.cpp" line="166" status="run" result="completed" time="0." timestamp="2026-09-14T15:21:15.897" classname="ContextDetector_RefineBrowserContext" />
    <testcase name="LocationBarByName" file="C:\Users\PrasannaNariboina\OneDrive - IBM\Prasan_Devops\AccessOS\Tests\Unit\Test_ContextDetector.cpp" line="172" status="run" result="completed" time="0." timestamp="2026-09-14T15:21:15.897" classname="ContextDetector_RefineBrowserContext" />
    <testcase name="UrlContained" file="C:\Users\PrasannaNariboina\OneDrive - IBM\Prasan_Devops\AccessOS\Tests\Unit\Test_ContextDetector.cpp" line="178" status="run" result="completed" time="0." timestamp="2026-09-14T15:21:15.897" classname="ContextDetector_RefineBrowserContext" />
    <testcase name="NormalEditIsNotAddressBar" file="C:\Users\PrasannaNariboina\OneDrive - IBM\Prasan_Devops\AccessOS\Tests\Unit\Test_ContextDetector.cpp" line="184" status="run" result="completed" time="0." timestamp="2026-09-14T15:21:15.897" classname="ContextDetector_RefineBrowserContext" />
  </testsuite>
  <testsuite name="ContextDetector_Detect" tests="8" failures="0" disabled="0" skipped="0" errors="0" time="0." timestamp="2026-09-14T15:21:15.897">
    <testcase name="ChromeWindowNode" file="C:\Users\PrasannaNariboina\OneDrive - IBM\Prasan_Devops\AccessOS\Tests\Unit\Test_ContextDetector.cpp" line="192" status="run" result="completed" time="0." timestamp="2026-09-14T15:21:15.897" classname="ContextDetector_Detect" />
    <testcase name="ChromeAddressBarEdit" file="C:\Users\PrasannaNariboina\OneDrive - IBM\Prasan_Devops\AccessOS\Tests\Unit\Test_ContextDetector.cpp" line="202" status="run" result="completed" time="0." timestamp="2026-09-14T15:21:15.897" classname="ContextDetector_Detect" />
    <testcase name="VSCodeNode" file="C:\Users\PrasannaNariboina\OneDrive - IBM\Prasan_Devops\AccessOS\Tests\Unit\Test_ContextDetector.cpp" line="210" status="run" result="completed" time="0." timestamp="2026-09-14T15:21:15.897" classname="ContextDetector_Detect" />
    <testcase name="DialogNode" file="C:\Users\PrasannaNariboina\OneDrive - IBM\Prasan_Devops\AccessOS\Tests\Unit\Test_ContextDetector.cpp" line="219" status="run" result="completed" time="0." timestamp="2026-09-14T15:21:15.897" classname="ContextDetector_Detect" />
    <testcase name="AlertDialog" file="C:\Users\PrasannaNariboina\OneDrive - IBM\Prasan_Devops\AccessOS\Tests\Unit\Test_ContextDetector.cpp" line="226" status="run" result="completed" time="0." timestamp="2026-09-14T15:21:15.897" classname="ContextDetector_Detect" />
    <testcase name="UnknownProcessFallback" file="C:\Users\PrasannaNariboina\OneDrive - IBM\Prasan_Devops\AccessOS\Tests\Unit\Test_ContextDetector.cpp" line="233" status="run" result="completed" time="0." timestamp="2026-09-14T15:21:15.897" classname="ContextDetector_Detect" />
    <testcase name="TerminalByProcess" file="C:\Users\PrasannaNariboina\OneDrive - IBM\Prasan_Devops\AccessOS\Tests\Unit\Test_ContextDetector.cpp" line="241" status="run" result="completed" time="0." timestamp="2026-09-14T15:21:15.897" classname="ContextDetector_Detect" />
    <testcase name="ProcessIdPropagated" file="C:\Users\PrasannaNariboina\OneDrive - IBM\Prasan_Devops\AccessOS\Tests\Unit\Test_ContextDetector.cpp" line="249" status="run" result="completed" time="0." timestamp="2026-09-14T15:21:15.897" classname="ContextDetector_Detect" />
  </testsuite>
  <testsuite name="ContextEngine" tests="18" failures="0" disabled="0" skipped="0" errors="0" time="0.001" timestamp="2026-09-14T15:21:15.897">
    <testcase name="InitialContextIsUnknown" file="C:\Users\PrasannaNariboina\OneDrive - IBM\Prasan_Devops\AccessOS\Tests\Unit\Test_ContextEngine.cpp" line="32" status="run" result="completed" time="0." timestamp="2026-09-14T15:21:15.897" classname="ContextEngine" />
    <testcase name="InitialObserverCountIsZero" file="C:\Users\PrasannaNariboina\OneDrive - IBM\Prasan_Devops\AccessOS\Tests\Unit\Test_ContextEngine.cpp" line="40" status="run" result="completed" time="0." timestamp="2026-09-14T15:21:15.898" classname="ContextEngine" />
    <testcase name="UpdateFromUnknownToChrome" file="C:\Users\PrasannaNariboina\OneDrive - IBM\Prasan_Devops\AccessOS\Tests\Unit\Test_ContextEngine.cpp" line="47" status="run" result="completed" time="0." timestamp="2026-09-14T15:21:15.898" classname="ContextEngine" />
[...]
    <testcase name="TypingEchoProtectedFieldIgnored" file="C:\Users\PrasannaNariboina\OneDrive - IBM\Prasan_Devops\AccessOS\Tests\Unit\Test_Integration.cpp" line="215" status="run" result="completed" time="0." timestamp="2026-09-14T15:21:16.555" classname="IntegTest" />
    <testcase name="SayAllDefaultNotActive" file="C:\Users\PrasannaNariboina\OneDrive - IBM\Prasan_Devops\AccessOS\Tests\Unit\Test_Integration.cpp" line="226" status="run" result="completed" time="0." timestamp="2026-09-14T15:21:16.555" classname="IntegTest" />
    <testcase name="StopSayAllWhenNotActiveNoCrash" file="C:\Users\PrasannaNariboina\OneDrive - IBM\Prasan_Devops\AccessOS\Tests\Unit\Test_Integration.cpp" line="230" status="run" result="completed" time="0." timestamp="2026-09-14T15:21:16.555" classname="IntegTest" />
    <testcase name="SayAllStandaloneRunWithNoDocReturnsZero" file="C:\Users\PrasannaNariboina\OneDrive - IBM\Prasan_Devops\AccessOS\Tests\Unit\Test_Integration.cpp" line="234" status="run" result="completed" time="0." timestamp="2026-09-14T15:21:16.555" classname="IntegTest" />
    <testcase name="ClipboardReadNoCrash" file="C:\Users\PrasannaNariboina\OneDrive - IBM\Prasan_Devops\AccessOS\Tests\Unit\Test_Integration.cpp" line="243" status="run" result="completed" time="0." timestamp="2026-09-14T15:21:16.555" classname="IntegTest" />
    <testcase name="ClipboardHasTextNoCrash" file="C:\Users\PrasannaNariboina\OneDrive - IBM\Prasan_Devops\AccessOS\Tests\Unit\Test_Integration.cpp" line="248" status="run" result="completed" time="0." timestamp="2026-09-14T15:21:16.555" classname="IntegTest" />
  </testsuite>
  <testsuite name="IntegVoiceProfiles" tests="1" failures="0" disabled="0" skipped="0" errors="0" time="0." timestamp="2026-09-14T15:21:16.555">
    <testcase name="SaveLoadCycleViaSettingsManager" file="C:\Users\PrasannaNariboina\OneDrive - IBM\Prasan_Devops\AccessOS\Tests\Unit\Test_Integration.cpp" line="256" status="run" result="completed" time="0." timestamp="2026-09-14T15:21:16.555" classname="IntegVoiceProfiles" />
  </testsuite>
  <testsuite name="IntegAppRules" tests="2" failures="0" disabled="0" skipped="0" errors="0" time="0." timestamp="2026-09-14T15:21:16.555">
    <testcase name="RuleMatchesAfterSave" file="C:\Users\PrasannaNariboina\OneDrive - IBM\Prasan_Devops\AccessOS\Tests\Unit\Test_Integration.cpp" line="279" status="run" result="completed" time="0." timestamp="2026-09-14T15:21:16.555" classname="IntegAppRules" />
    <testcase name="UnknownExeReturnsNullopt" file="C:\Users\PrasannaNariboina\OneDrive - IBM\Prasan_Devops\AccessOS\Tests\Unit\Test_Integration.cpp" line="296" status="run" result="completed" time="0." timestamp="2026-09-14T15:21:16.555" classname="IntegAppRules" />
  </testsuite>
  <testsuite name="IntegLocale" tests="9" failures="0" disabled="0" skipped="0" errors="0" time="0." timestamp="2026-09-14T15:21:16.555">
    <testcase name="EnglishRoleButtonIsButton" file="C:\Users\PrasannaNariboina\OneDrive - IBM\Prasan_Devops\AccessOS\Tests\Unit\Test_Integration.cpp" line="305" status="run" result="completed" time="0." timestamp="2026-09-14T15:21:16.555" classname="IntegLocale" />
    <testcase name="FrenchRoleButtonIsBouton" file="C:\Users\PrasannaNariboina\OneDrive - IBM\Prasan_Devops\AccessOS\Tests\Unit\Test_Integration.cpp" line="311" status="run" result="completed" time="0." timestamp="2026-09-14T15:21:16.556" classname="IntegLocale" />
    <testcase name="GermanRoleButtonIsSchaltflaeche" file="C:\Users\PrasannaNariboina\OneDrive - IBM\Prasan_Devops\AccessOS\Tests\Unit\Test_Integration.cpp" line="318" status="run" result="completed" time="0." timestamp="2026-09-14T15:21:16.556" classname="IntegLocale" />
    <testcase name="FallbackToEnglishForUnknownMsgId" file="C:\Users\PrasannaNariboina\OneDrive - IBM\Prasan_Devops\AccessOS\Tests\Unit\Test_Integration.cpp" line="325" status="run" result="completed" time="0." timestamp="2026-09-14T15:21:16.556" classname="IntegLocale" />
    <testcase name="SetLocaleReturnsFalseForUnknownLocale" file="C:\Users\PrasannaNariboina\OneDrive - IBM\Prasan_Devops\AccessOS\Tests\Unit\Test_Integration.cpp" line="334" status="run" result="completed" time="0." timestamp="2026-09-14T15:21:16.556" classname="IntegLocale" />
    <testcase name="AutoDetectDoesNotCrash" file="C:\Users\PrasannaNariboina\OneDrive - IBM\Prasan_Devops\AccessOS\Tests\Unit\Test_Integration.cpp" line="339" status="run" result="completed" time="0." timestamp="2026-09-14T15:21:16.556" classname="IntegLocale" />
    <testcase name="AvailableLocalesContainsEnFrDe" file="C:\Users\PrasannaNariboina\OneDrive - IBM\Prasan_Devops\AccessOS\Tests\Unit\Test_Integration.cpp" line="345" status="run" result="completed" time="0." timestamp="2026-09-14T15:21:16.556" classname="IntegLocale" />
    <testcase name="FormatSubstitutesArg0" file="C:\Users\PrasannaNariboina\OneDrive - IBM\Prasan_Devops\AccessOS\Tests\Unit\Test_Integration.cpp" line="353" status="run" result="completed" time="0." timestamp="2026-09-14T15:21:16.556" classname="IntegLocale" />
    <testcase name="FormatTwoArgs" file="C:\Users\PrasannaNariboina\OneDrive - IBM\Prasan_Devops\AccessOS\Tests\Unit\Test_Integration.cpp" line="360" status="run" result="completed" time="0." timestamp="2026-09-14T15:21:16.556" classname="IntegLocale" />
  </testsuite>
  <testsuite name="IntegPipeline" tests="3" failures="0" disabled="0" skipped="0" errors="0" time="0." timestamp="2026-09-14T15:21:16.556">
    <testcase name="EventQueueEnqueueDequeueRoundtrip" file="C:\Users\PrasannaNariboina\OneDrive - IBM\Prasan_Devops\AccessOS\Tests\Unit\Test_Integration.cpp" line="369" status="run" result="completed" time="0." timestamp="2026-09-14T15:21:16.556" classname="IntegPipeline" />
    <testcase name="EventQueueStopUnblocksDequeue" file="C:\Users\PrasannaNariboina\OneDrive - IBM\Prasan_Devops\AccessOS\Tests\Unit\Test_Integration.cpp" line="381" status="run" result="completed" time="0." timestamp="2026-09-14T15:21:16.556" classname="IntegPipeline" />
    <testcase name="MultipleEventsProcessedInOrder" file="C:\Users\PrasannaNariboina\OneDrive - IBM\Prasan_Devops\AccessOS\Tests\Unit\Test_Integration.cpp" line="388" status="run" result="completed" time="0." timestamp="2026-09-14T15:21:16.556" classname="IntegPipeline" />
  </testsuite>
  <testsuite name="Keywords/SensitiveNameTest" tests="25" failures="0" disabled="0" skipped="0" errors="0" time="0." timestamp="2026-09-14T15:21:16.556">
    <testcase name="MatchesExpected/0" value_param="16-byte object &lt;98-73 21-68 F6-7F 00-00 01-09 8D-7A FF-7F 00-00&gt;" file="C:\Users\PrasannaNariboina\OneDrive - IBM\Prasan_Devops\AccessOS\Tests\Unit\Test_PrivacyFilter.cpp" line="68" status="run" result="completed" time="0." timestamp="2026-09-14T15:21:16.556" classname="Keywords/SensitiveNameTest" />
    <testcase name="MatchesExpected/1" value_param="16-byte object &lt;80-73 21-68 F6-7F 00-00 01-00 00-00 00-00 00-00&gt;" file="C:\Users\PrasannaNariboina\OneDrive - IBM\Prasan_Devops\AccessOS\Tests\Unit\Test_PrivacyFilter.cpp" line="68" status="run" result="completed" time="0." timestamp="2026-09-14T15:21:16.556" classname="Keywords/SensitiveNameTest" />
    <testcase name="MatchesExpected/2" value_param="16-byte object &lt;78-73 21-68 F6-7F 00-00 01-50 CB-42 14-02 00-00&gt;" file="C:\Users\PrasannaNariboina\OneDrive - IBM\Prasan_Devops\AccessOS\Tests\Unit\Test_PrivacyFilter.cpp" line="68" status="run" result="completed" time="0." timestamp="2026-09-14T15:21:16.556" classname="Keywords/SensitiveNameTest" />
    <testcase name="MatchesExpected/3" value_param="16-byte object &lt;68-73 21-68 F6-7F 00-00 01-00 00-00 00-00 00-00&gt;" file="C:\Users\PrasannaNariboina\OneDrive - IBM\Prasan_Devops\AccessOS\Tests\Unit\Test_PrivacyFilter.cpp" line="68" status="run" result="completed" time="0." timestamp="2026-09-14T15:21:16.556" classname="Keywords/SensitiveNameTest" />
    <testcase name="MatchesExpected/4" value_param="16-byte object &lt;60-73 21-68 F6-7F 00-00 01-67 86-7A FF-7F 00-00&gt;" file="C:\Users\PrasannaNariboina\OneDrive - IBM\Prasan_Devops\AccessOS\Tests\Unit\Test_PrivacyFilter.cpp" line="68" status="run" result="completed" time="0." timestamp="2026-09-14T15:21:16.556" classname="Keywords/SensitiveNameTest" />
    <testcase name="MatchesExpected/5" value_param="16-byte object &lt;50-73 21-68 F6-7F 00-00 01-00 16-41 14-02 00-00&gt;" file="C:\Users\PrasannaNariboina\OneDrive - IBM\Prasan_Devops\AccessOS\Tests\Unit\Test_PrivacyFilter.cpp" line="68" status="run" result="completed" time="0." timestamp="2026-09-14T15:21:16.556" classname="Keywords/SensitiveNameTest" />
    <testcase name="MatchesExpected/6" value_param="16-byte object &lt;4C-73 21-68 F6-7F 00-00 01-00 00-00 00-00 00-00&gt;" file="C:\Users\PrasannaNariboina\OneDrive - IBM\Prasan_Devops\AccessOS\Tests\Unit\Test_PrivacyFilter.cpp" line="68" status="run" result="completed" time="0." timestamp="2026-09-14T15:21:16.556" classname="Keywords/SensitiveNameTest" />
    <testcase name="MatchesExpected/7" value_param="16-byte object &lt;48-73 21-68 F6-7F 00-00 01-00 00-00 00-00 00-00&gt;" file="C:\Users\PrasannaNariboina\OneDrive - IBM\Prasan_Devops\AccessOS\Tests\Unit\Test_PrivacyFilter.cpp" line="68" status="run" result="completed" time="0." timestamp="2026-09-14T15:21:16.557" classname="Keywords/SensitiveNameTest" />
    <testcase name="MatchesExpected/8" value_param="16-byte object &lt;30-73 21-68 F6-7F 00-00 01-00 00-00 00-00 00-00&gt;" file="C:\Users\PrasannaNariboina\OneDrive - IBM\Prasan_Devops\AccessOS\Tests\Unit\Test_PrivacyFilter.cpp" line="68" status="run" result="completed" time="0." timestamp="2026-09-14T15:21:16.557" classname="Keywords/SensitiveNameTest" />
    <testcase name="MatchesExpected/9" value_param="16-byte object &lt;18-73 21-68 F6-7F 00-00 01-67 86-7A FF-7F 00-00&gt;" file="C:\Users\PrasannaNariboina\OneDrive - IBM\Prasan_Devops\AccessOS\Tests\Unit\Test_PrivacyFilter.cpp" line="68" status="run" result="completed" time="0." timestamp="2026-09-14T15:21:16.557" classname="Keywords/SensitiveNameTest" />
    <testcase name="MatchesExpected/10" value_param="16-byte object &lt;08-73 21-68 F6-7F 00-00 01-00 16-41 14-02 00-00&gt;" file="C:\Users\PrasannaNariboina\OneDrive - IBM\Prasan_Devops\AccessOS\Tests\Unit\Test_PrivacyFilter.cpp" line="68" status="run" result="completed" time="0." timestamp="2026-09-14T15:21:16.557" classname="Keywords/SensitiveNameTest" />
    <testcase name="MatchesExpected/11" value_param="16-byte object &lt;F8-72 21-68 F6-7F 00-00 01-00 00-00 00-00 00-00&gt;" file="C:\Users\PrasannaNariboina\OneDrive - IBM\Prasan_Devops\AccessOS\Tests\Unit\Test_PrivacyFilter.cpp" line="68" status="run" result="completed" time="0." timestamp="2026-09-14T15:21:16.557" classname="Keywords/SensitiveNameTest" />
    <testcase name="MatchesExpected/12" value_param="16-byte object &lt;E8-72 21-68 F6-7F 00-00 01-00 00-00 00-00 00-00&gt;" file="C:\Users\PrasannaNariboina\OneDrive - IBM\Prasan_Devops\AccessOS\Tests\Unit\Test_PrivacyFilter.cpp" line="68" status="run" result="completed" time="0." timestamp="2026-09-14T15:21:16.557" classname="Keywords/SensitiveNameTest" />
    <testcase name="MatchesExpected/13" value_param="16-byte object &lt;D8-72 21-68 F6-7F 00-00 01-68 86-7A FF-7F 00-00&gt;" file="C:\Users\PrasannaNariboina\OneDrive - IBM\Prasan_Devops\AccessOS\Tests\Unit\Test_PrivacyFilter.cpp" line="68" status="run" result="completed" time="0." timestamp="2026-09-14T15:21:16.557" classname="Keywords/SensitiveNameTest" />
    <testcase name="MatchesExpected/14" value_param="16-byte object &lt;C0-72 21-68 F6-7F 00-00 01-00 00-00 00-00 00-00&gt;" file="C:\Users\PrasannaNariboina\OneDrive - IBM\Prasan_Devops\AccessOS\Tests\Unit\Test_PrivacyFilter.cpp" line="68" status="run" result="completed" time="0." timestamp="2026-09-14T15:21:16.557" classname="Keywords/SensitiveNameTest" />
    <testcase name="MatchesExpected/15" value_param="16-byte object &lt;B0-72 21-68 F6-7F 00-00 01-00 16-41 14-02 00-00&gt;" file="C:\Users\PrasannaNariboina\OneDrive - IBM\Prasan_Devops\AccessOS\Tests\Unit\Test_PrivacyFilter.cpp" line="68" status="run" result="completed" time="0." timestamp="2026-09-14T15:21:16.557" classname="Keywords/SensitiveNameTest" />
    <testcase name="MatchesExpected/16" value_param="16-byte object &lt;A0-72 21-68 F6-7F 00-00 01-00 00-00 00-00 00-00&gt;" file="C:\Users\PrasannaNariboina\OneDrive - IBM\Prasan_Devops\AccessOS\Tests\Unit\Test_PrivacyFilter.cpp" line="68" status="run" result="completed" time="0." timestamp="2026-09-14T15:21:16.557" classname="Keywords/SensitiveNameTest" />
    <testcase name="MatchesExpected/17" value_param="16-byte object &lt;90-72 21-68 F6-7F 00-00 01-00 00-00 00-00 00-00&gt;" file="C:\Users\PrasannaNariboina\OneDrive - IBM\Prasan_Devops\AccessOS\Tests\Unit\Test_PrivacyFilter.cpp" line="68" status="run" result="completed" time="0." timestamp="2026-09-14T15:21:16.557" classname="Keywords/SensitiveNameTest" />
    <testcase name="MatchesExpected/18" value_param="16-byte object &lt;88-72 21-68 F6-7F 00-00 01-0C 12-41 14-02 00-00&gt;" file="C:\Users\PrasannaNariboina\OneDrive - IBM\Prasan_Devops\AccessOS\Tests\Unit\Test_PrivacyFilter.cpp" line="68" status="run" result="completed" time="0." timestamp="2026-09-14T15:21:16.557" classname="Keywords/SensitiveNameTest" />
    <testcase name="MatchesExpected/19" value_param="16-byte object &lt;78-72 21-68 F6-7F 00-00 00-00 00-00 00-00 00-00&gt;" file="C:\Users\PrasannaNariboina\OneDrive - IBM\Prasan_Devops\AccessOS\Tests\Unit\Test_PrivacyFilter.cpp" line="68" status="run" result="completed" time="0." timestamp="2026-09-14T15:21:16.557" classname="Keywords/SensitiveNameTest" />
    <testcase name="MatchesExpected/20" value_param="16-byte object &lt;68-72 21-68 F6-7F 00-00 00-00 16-41 14-02 00-00&gt;" file="C:\Users\PrasannaNariboina\OneDrive - IBM\Prasan_Devops\AccessOS\Tests\Unit\Test_PrivacyFilter.cpp" line="68" status="run" result="completed" time="0." timestamp="2026-09-14T15:21:16.557" classname="Keywords/SensitiveNameTest" />
    <testcase name="MatchesExpected/21" value_param="16-byte object &lt;5C-72 21-68 F6-7F 00-00 00-02 12-41 14-02 00-00&gt;" file="C:\Users\PrasannaNariboina\OneDrive - IBM\Prasan_Devops\AccessOS\Tests\Unit\Test_PrivacyFilter.cpp" line="68" status="run" result="completed" time="0." timestamp="2026-09-14T15:21:16.557" classname="Keywords/SensitiveNameTest" />
    <testcase name="MatchesExpected/22" value_param="16-byte object &lt;54-72 21-68 F6-7F 00-00 00-00 00-00 00-00 00-00&gt;" file="C:\Users\PrasannaNariboina\OneDrive - IBM\Prasan_Devops\AccessOS\Tests\Unit\Test_PrivacyFilter.cpp" line="68" status="run" result="completed" time="0." timestamp="2026-09-14T15:21:16.557" classname="Keywords/SensitiveNameTest" />
    <testcase name="MatchesExpected/23" value_param="16-byte object &lt;48-72 21-68 F6-7F 00-00 00-0C 12-41 14-02 00-00&gt;" file="C:\Users\PrasannaNariboina\OneDrive - IBM\Prasan_Devops\AccessOS\Tests\Unit\Test_PrivacyFilter.cpp" line="68" status="run" result="completed" time="0." timestamp="2026-09-14T15:21:16.557" classname="Keywords/SensitiveNameTest" />
    <testcase name="MatchesExpected/24" value_param="16-byte object &lt;40-72 21-68 F6-7F 00-00 00-00 00-00 00-00 00-00&gt;" file="C:\Users\PrasannaNariboina\OneDrive - IBM\Prasan_Devops\AccessOS\Tests\Unit\Test_PrivacyFilter.cpp" line="68" status="run" result="completed" time="0." timestamp="2026-09-14T15:21:16.557" classname="Keywords/SensitiveNameTest" />
  </testsuite>
  <testsuite name="Urls/SensitiveContextTest" tests="12" failures="0" disabled="0" skipped="0" errors="0" time="0." timestamp="2026-09-14T15:21:16.557">
    <testcase name="MatchesExpected/0" value_param="16-byte object &lt;D0-89 21-68 F6-7F 00-00 01-00 00-00 00-00 00-00&gt;" file="C:\Users\PrasannaNariboina\OneDrive - IBM\Prasan_Devops\AccessOS\Tests\Unit\Test_PrivacyFilter.cpp" line="124" status="run" result="completed" time="0." timestamp="2026-09-14T15:21:16.557" classname="Urls/SensitiveContextTest" />
    <testcase name="MatchesExpected/1" value_param="16-byte object &lt;B8-89 21-68 F6-7F 00-00 01-FF FF-FF 00-00 00-00&gt;" file="C:\Users\PrasannaNariboina\OneDrive - IBM\Prasan_Devops\AccessOS\Tests\Unit\Test_PrivacyFilter.cpp" line="124" status="run" result="completed" time="0." timestamp="2026-09-14T15:21:16.557" classname="Urls/SensitiveContextTest" />
    <testcase name="MatchesExpected/2" value_param="16-byte object &lt;98-89 21-68 F6-7F 00-00 01-6D 12-68 F6-7F 00-00&gt;" file="C:\Users\PrasannaNariboina\OneDrive - IBM\Prasan_Devops\AccessOS\Tests\Unit\Test_PrivacyFilter.cpp" line="124" status="run" result="completed" time="0." timestamp="2026-09-14T15:21:16.557" classname="Urls/SensitiveContextTest" />
    <testcase name="MatchesExpected/3" value_param="16-byte object &lt;78-89 21-68 F6-7F 00-00 01-03 37-CC FE-7F 00-00&gt;" file="C:\Users\PrasannaNariboina\OneDrive - IBM\Prasan_Devops\AccessOS\Tests\Unit\Test_PrivacyFilter.cpp" line="124" status="run" result="completed" time="0." timestamp="2026-09-14T15:21:16.557" classname="Urls/SensitiveContextTest" />
    <testcase name="MatchesExpected/4" value_param="16-byte object &lt;50-89 21-68 F6-7F 00-00 01-00 00-00 00-00 00-00&gt;" file="C:\Users\PrasannaNariboina\OneDrive - IBM\Prasan_Devops\AccessOS\Tests\Unit\Test_PrivacyFilter.cpp" line="124" status="run" result="completed" time="0." timestamp="2026-09-14T15:21:16.557" classname="Urls/SensitiveContextTest" />
    <testcase name="MatchesExpected/5" value_param="16-byte object &lt;38-89 21-68 F6-7F 00-00 01-00 00-00 F6-7F 00-00&gt;" file="C:\Users\PrasannaNariboina\OneDrive - IBM\Prasan_Devops\AccessOS\Tests\Unit\Test_PrivacyFilter.cpp" line="124" status="run" result="completed" time="0." timestamp="2026-09-14T15:21:16.557" classname="Urls/SensitiveContextTest" />
    <testcase name="MatchesExpected/6" value_param="16-byte object &lt;18-89 21-68 F6-7F 00-00 01-03 37-CC FE-7F 00-00&gt;" file="C:\Users\PrasannaNariboina\OneDrive - IBM\Prasan_Devops\AccessOS\Tests\Unit\Test_PrivacyFilter.cpp" line="124" status="run" result="completed" time="0." timestamp="2026-09-14T15:21:16.557" classname="Urls/SensitiveContextTest" />
    <testcase name="MatchesExpected/7" value_param="16-byte object &lt;F8-88 21-68 F6-7F 00-00 01-00 00-00 00-00 00-00&gt;" file="C:\Users\PrasannaNariboina\OneDrive - IBM\Prasan_Devops\AccessOS\Tests\Unit\Test_PrivacyFilter.cpp" line="124" status="run" result="completed" time="0." timestamp="2026-09-14T15:21:16.557" classname="Urls/SensitiveContextTest" />
    <testcase name="MatchesExpected/8" value_param="16-byte object &lt;D8-88 21-68 F6-7F 00-00 00-00 00-00 00-00 00-00&gt;" file="C:\Users\PrasannaNariboina\OneDrive - IBM\Prasan_Devops\AccessOS\Tests\Unit\Test_PrivacyFilter.cpp" line="124" status="run" result="completed" time="0." timestamp="2026-09-14T15:21:16.557" classname="Urls/SensitiveContextTest" />
    <testcase name="MatchesExpected/9" value_param="16-byte object &lt;B8-88 21-68 F6-7F 00-00 00-20 37-CC FE-7F 00-00&gt;" file="C:\Users\PrasannaNariboina\OneDrive - IBM\Prasan_Devops\AccessOS\Tests\Unit\Test_PrivacyFilter.cpp" line="124" status="run" result="completed" time="0." timestamp="2026-09-14T15:21:16.557" classname="Urls/SensitiveContextTest" />
    <testcase name="MatchesExpected/10" value_param="16-byte object &lt;98-88 21-68 F6-7F 00-00 00-F9 30-D4 43-00 00-00&gt;" file="C:\Users\PrasannaNariboina\OneDrive - IBM\Prasan_Devops\AccessOS\Tests\Unit\Test_PrivacyFilter.cpp" line="124" status="run" result="completed" time="0." timestamp="2026-09-14T15:21:16.557" classname="Urls/SensitiveContextTest" />
    <testcase name="MatchesExpected/11" value_param="16-byte object &lt;46-72 21-68 F6-7F 00-00 00-00 00-00 00-00 00-00&gt;" file="C:\Users\PrasannaNariboina\OneDrive - IBM\Prasan_Devops\AccessOS\Tests\Unit\Test_PrivacyFilter.cpp" line="124" status="run" result="completed" time="0." timestamp="2026-09-14T15:21:16.557" classname="Urls/SensitiveContextTest" />
  </testsuite>
</testsuites>
